2022/01/09 22:49:21 logging.go:18: test
2022/02/12 19:11:05 logging.go:18: test
2022/02/20 14:00:18 logging.go:18: test
2022/03/13 22:23:02 logging.go:18: test
2022/03/13 22:37:29 server.go:3139: http: panic serving [::1]:63876: template: login.html:1: function "degine" not defined
goroutine 7 [running]:
net/http.(*conn).serve.func1(0xc000068fa0)
	c:/go/src/net/http/server.go:1824 +0x153
panic(0x7ff74ec48400, 0xc00021e200)
	c:/go/src/runtime/panic.go:971 +0x49a
text/template.Must(...)
	c:/go/src/text/template/helper.go:25
todo/app/controllers.generateHTML(0x7ff74ed21a60, 0xc00023c1c0, 0x0, 0x0, 0xc000063aa8, 0x3, 0x3)
	C:/github.com/AEON-MALL/todo/app/controllers/server.go:17 +0x2ce
todo/app/controllers.login(0x7ff74ed21a60, 0xc00023c1c0, 0xc000144800)
	C:/github.com/AEON-MALL/todo/app/controllers/route_auth.go:38 +0x113
net/http.HandlerFunc.ServeHTTP(0x7ff74ecc6d98, 0x7ff74ed21a60, 0xc00023c1c0, 0xc000144800)
	c:/go/src/net/http/server.go:2069 +0x4b
net/http.(*ServeMux).ServeHTTP(0x7ff74eee4480, 0x7ff74ed21a60, 0xc00023c1c0, 0xc000144800)
	c:/go/src/net/http/server.go:2448 +0x1b7
net/http.serverHandler.ServeHTTP(0xc00015c000, 0x7ff74ed21a60, 0xc00023c1c0, 0xc000144800)
	c:/go/src/net/http/server.go:2887 +0xaa
net/http.(*conn).serve(0xc000068fa0, 0x7ff74ed22100, 0xc00009c000)
	c:/go/src/net/http/server.go:1952 +0x8cd
created by net/http.(*Server).Serve
	c:/go/src/net/http/server.go:3013 +0x3b8
2022/03/13 22:37:29 server.go:3139: http: panic serving [::1]:63877: template: login.html:1: function "degine" not defined
goroutine 18 [running]:
net/http.(*conn).serve.func1(0xc000188000)
	c:/go/src/net/http/server.go:1824 +0x153
panic(0x7ff74ec48400, 0xc000047240)
	c:/go/src/runtime/panic.go:971 +0x49a
text/template.Must(...)
	c:/go/src/text/template/helper.go:25
todo/app/controllers.generateHTML(0x7ff74ed21a60, 0xc00023c2a0, 0x0, 0x0, 0xc00024baa8, 0x3, 0x3)
	C:/github.com/AEON-MALL/todo/app/controllers/server.go:17 +0x2ce
todo/app/controllers.login(0x7ff74ed21a60, 0xc00023c2a0, 0xc000230400)
	C:/github.com/AEON-MALL/todo/app/controllers/route_auth.go:38 +0x113
net/http.HandlerFunc.ServeHTTP(0x7ff74ecc6d98, 0x7ff74ed21a60, 0xc00023c2a0, 0xc000230400)
	c:/go/src/net/http/server.go:2069 +0x4b
net/http.(*ServeMux).ServeHTTP(0x7ff74eee4480, 0x7ff74ed21a60, 0xc00023c2a0, 0xc000230400)
	c:/go/src/net/http/server.go:2448 +0x1b7
net/http.serverHandler.ServeHTTP(0xc00015c000, 0x7ff74ed21a60, 0xc00023c2a0, 0xc000230400)
	c:/go/src/net/http/server.go:2887 +0xaa
net/http.(*conn).serve(0xc000188000, 0x7ff74ed22100, 0xc000024540)
	c:/go/src/net/http/server.go:1952 +0x8cd
created by net/http.(*Server).Serve
	c:/go/src/net/http/server.go:3013 +0x3b8
2022/03/13 22:37:29 server.go:3139: http: panic serving [::1]:63878: template: login.html:1: function "degine" not defined
goroutine 50 [running]:
net/http.(*conn).serve.func1(0xc0000b4000)
	c:/go/src/net/http/server.go:1824 +0x153
panic(0x7ff74ec48400, 0xc00021e370)
	c:/go/src/runtime/panic.go:971 +0x49a
text/template.Must(...)
	c:/go/src/text/template/helper.go:25
todo/app/controllers.generateHTML(0x7ff74ed21a60, 0xc0001aa0e0, 0x0, 0x0, 0xc00024faa8, 0x3, 0x3)
	C:/github.com/AEON-MALL/todo/app/controllers/server.go:17 +0x2ce
todo/app/controllers.login(0x7ff74ed21a60, 0xc0001aa0e0, 0xc00028c000)
	C:/github.com/AEON-MALL/todo/app/controllers/route_auth.go:38 +0x113
net/http.HandlerFunc.ServeHTTP(0x7ff74ecc6d98, 0x7ff74ed21a60, 0xc0001aa0e0, 0xc00028c000)
	c:/go/src/net/http/server.go:2069 +0x4b
net/http.(*ServeMux).ServeHTTP(0x7ff74eee4480, 0x7ff74ed21a60, 0xc0001aa0e0, 0xc00028c000)
	c:/go/src/net/http/server.go:2448 +0x1b7
net/http.serverHandler.ServeHTTP(0xc00015c000, 0x7ff74ed21a60, 0xc0001aa0e0, 0xc00028c000)
	c:/go/src/net/http/server.go:2887 +0xaa
net/http.(*conn).serve(0xc0000b4000, 0x7ff74ed22100, 0xc00020a080)
	c:/go/src/net/http/server.go:1952 +0x8cd
created by net/http.(*Server).Serve
	c:/go/src/net/http/server.go:3013 +0x3b8
2022/03/13 22:37:29 server.go:3139: http: panic serving [::1]:63879: template: login.html:1: function "degine" not defined
goroutine 22 [running]:
net/http.(*conn).serve.func1(0xc0001881e0)
	c:/go/src/net/http/server.go:1824 +0x153
panic(0x7ff74ec48400, 0xc00021e4d0)
	c:/go/src/runtime/panic.go:971 +0x49a
text/template.Must(...)
	c:/go/src/text/template/helper.go:25
todo/app/controllers.generateHTML(0x7ff74ed21a60, 0xc00023c380, 0x0, 0x0, 0xc000191aa8, 0x3, 0x3)
	C:/github.com/AEON-MALL/todo/app/controllers/server.go:17 +0x2ce
todo/app/controllers.login(0x7ff74ed21a60, 0xc00023c380, 0xc000230600)
	C:/github.com/AEON-MALL/todo/app/controllers/route_auth.go:38 +0x113
net/http.HandlerFunc.ServeHTTP(0x7ff74ecc6d98, 0x7ff74ed21a60, 0xc00023c380, 0xc000230600)
	c:/go/src/net/http/server.go:2069 +0x4b
net/http.(*ServeMux).ServeHTTP(0x7ff74eee4480, 0x7ff74ed21a60, 0xc00023c380, 0xc000230600)
	c:/go/src/net/http/server.go:2448 +0x1b7
net/http.serverHandler.ServeHTTP(0xc00015c000, 0x7ff74ed21a60, 0xc00023c380, 0xc000230600)
	c:/go/src/net/http/server.go:2887 +0xaa
net/http.(*conn).serve(0xc0001881e0, 0x7ff74ed22100, 0xc00020a800)
	c:/go/src/net/http/server.go:1952 +0x8cd
created by net/http.(*Server).Serve
	c:/go/src/net/http/server.go:3013 +0x3b8
2022/03/13 22:37:30 server.go:3139: http: panic serving [::1]:63880: template: login.html:1: function "degine" not defined
goroutine 68 [running]:
net/http.(*conn).serve.func1(0xc000069360)
	c:/go/src/net/http/server.go:1824 +0x153
panic(0x7ff74ec48400, 0xc0002a0130)
	c:/go/src/runtime/panic.go:971 +0x49a
text/template.Must(...)
	c:/go/src/text/template/helper.go:25
todo/app/controllers.generateHTML(0x7ff74ed21a60, 0xc0002a2000, 0x0, 0x0, 0xc00018daa8, 0x3, 0x3)
	C:/github.com/AEON-MALL/todo/app/controllers/server.go:17 +0x2ce
todo/app/controllers.login(0x7ff74ed21a60, 0xc0002a2000, 0xc000230700)
	C:/github.com/AEON-MALL/todo/app/controllers/route_auth.go:38 +0x113
net/http.HandlerFunc.ServeHTTP(0x7ff74ecc6d98, 0x7ff74ed21a60, 0xc0002a2000, 0xc000230700)
	c:/go/src/net/http/server.go:2069 +0x4b
net/http.(*ServeMux).ServeHTTP(0x7ff74eee4480, 0x7ff74ed21a60, 0xc0002a2000, 0xc000230700)
	c:/go/src/net/http/server.go:2448 +0x1b7
net/http.serverHandler.ServeHTTP(0xc00015c000, 0x7ff74ed21a60, 0xc0002a2000, 0xc000230700)
	c:/go/src/net/http/server.go:2887 +0xaa
net/http.(*conn).serve(0xc000069360, 0x7ff74ed22100, 0xc00020ab80)
	c:/go/src/net/http/server.go:1952 +0x8cd
created by net/http.(*Server).Serve
	c:/go/src/net/http/server.go:3013 +0x3b8
2022/03/13 22:37:30 server.go:3139: http: panic serving [::1]:63881: template: login.html:1: function "degine" not defined
goroutine 69 [running]:
net/http.(*conn).serve.func1(0xc000069400)
	c:/go/src/net/http/server.go:1824 +0x153
panic(0x7ff74ec48400, 0xc0002a0280)
	c:/go/src/runtime/panic.go:971 +0x49a
text/template.Must(...)
	c:/go/src/text/template/helper.go:25
todo/app/controllers.generateHTML(0x7ff74ed21a60, 0xc0002a20e0, 0x0, 0x0, 0xc000247aa8, 0x3, 0x3)
	C:/github.com/AEON-MALL/todo/app/controllers/server.go:17 +0x2ce
todo/app/controllers.login(0x7ff74ed21a60, 0xc0002a20e0, 0xc000144900)
	C:/github.com/AEON-MALL/todo/app/controllers/route_auth.go:38 +0x113
net/http.HandlerFunc.ServeHTTP(0x7ff74ecc6d98, 0x7ff74ed21a60, 0xc0002a20e0, 0xc000144900)
	c:/go/src/net/http/server.go:2069 +0x4b
net/http.(*ServeMux).ServeHTTP(0x7ff74eee4480, 0x7ff74ed21a60, 0xc0002a20e0, 0xc000144900)
	c:/go/src/net/http/server.go:2448 +0x1b7
net/http.serverHandler.ServeHTTP(0xc00015c000, 0x7ff74ed21a60, 0xc0002a20e0, 0xc000144900)
	c:/go/src/net/http/server.go:2887 +0xaa
net/http.(*conn).serve(0xc000069400, 0x7ff74ed22100, 0xc000024e00)
	c:/go/src/net/http/server.go:1952 +0x8cd
created by net/http.(*Server).Serve
	c:/go/src/net/http/server.go:3013 +0x3b8
2022/03/13 22:37:30 server.go:3139: http: panic serving [::1]:63882: template: login.html:1: function "degine" not defined
goroutine 90 [running]:
net/http.(*conn).serve.func1(0xc0002f6000)
	c:/go/src/net/http/server.go:1824 +0x153
panic(0x7ff74ec48400, 0xc0002a02f0)
	c:/go/src/runtime/panic.go:971 +0x49a
text/template.Must(...)
	c:/go/src/text/template/helper.go:25
todo/app/controllers.generateHTML(0x7ff74ed21a60, 0xc00023c460, 0x0, 0x0, 0xc0002d9aa8, 0x3, 0x3)
	C:/github.com/AEON-MALL/todo/app/controllers/server.go:17 +0x2ce
todo/app/controllers.login(0x7ff74ed21a60, 0xc00023c460, 0xc000230800)
	C:/github.com/AEON-MALL/todo/app/controllers/route_auth.go:38 +0x113
net/http.HandlerFunc.ServeHTTP(0x7ff74ecc6d98, 0x7ff74ed21a60, 0xc00023c460, 0xc000230800)
	c:/go/src/net/http/server.go:2069 +0x4b
net/http.(*ServeMux).ServeHTTP(0x7ff74eee4480, 0x7ff74ed21a60, 0xc00023c460, 0xc000230800)
	c:/go/src/net/http/server.go:2448 +0x1b7
net/http.serverHandler.ServeHTTP(0xc00015c000, 0x7ff74ed21a60, 0xc00023c460, 0xc000230800)
	c:/go/src/net/http/server.go:2887 +0xaa
net/http.(*conn).serve(0xc0002f6000, 0x7ff74ed22100, 0xc00020ac00)
	c:/go/src/net/http/server.go:1952 +0x8cd
created by net/http.(*Server).Serve
	c:/go/src/net/http/server.go:3013 +0x3b8
2022/03/13 22:37:33 server.go:3139: http: panic serving [::1]:63883: template: login.html:1: function "degine" not defined
goroutine 100 [running]:
net/http.(*conn).serve.func1(0xc000234140)
	c:/go/src/net/http/server.go:1824 +0x153
panic(0x7ff74ec48400, 0xc000046ca0)
	c:/go/src/runtime/panic.go:971 +0x49a
text/template.Must(...)
	c:/go/src/text/template/helper.go:25
todo/app/controllers.generateHTML(0x7ff74ed21a60, 0xc00023c540, 0x0, 0x0, 0xc0002d9aa8, 0x3, 0x3)
	C:/github.com/AEON-MALL/todo/app/controllers/server.go:17 +0x2ce
todo/app/controllers.login(0x7ff74ed21a60, 0xc00023c540, 0xc00028c100)
	C:/github.com/AEON-MALL/todo/app/controllers/route_auth.go:38 +0x113
net/http.HandlerFunc.ServeHTTP(0x7ff74ecc6d98, 0x7ff74ed21a60, 0xc00023c540, 0xc00028c100)
	c:/go/src/net/http/server.go:2069 +0x4b
net/http.(*ServeMux).ServeHTTP(0x7ff74eee4480, 0x7ff74ed21a60, 0xc00023c540, 0xc00028c100)
	c:/go/src/net/http/server.go:2448 +0x1b7
net/http.serverHandler.ServeHTTP(0xc00015c000, 0x7ff74ed21a60, 0xc00023c540, 0xc00028c100)
	c:/go/src/net/http/server.go:2887 +0xaa
net/http.(*conn).serve(0xc000234140, 0x7ff74ed22100, 0xc00029c680)
	c:/go/src/net/http/server.go:1952 +0x8cd
created by net/http.(*Server).Serve
	c:/go/src/net/http/server.go:3013 +0x3b8
2022/03/13 22:37:33 server.go:3139: http: panic serving [::1]:63884: template: login.html:1: function "degine" not defined
goroutine 92 [running]:
net/http.(*conn).serve.func1(0xc0002f60a0)
	c:/go/src/net/http/server.go:1824 +0x153
panic(0x7ff74ec48400, 0xc000046f20)
	c:/go/src/runtime/panic.go:971 +0x49a
text/template.Must(...)
	c:/go/src/text/template/helper.go:25
todo/app/controllers.generateHTML(0x7ff74ed21a60, 0xc00015c0e0, 0x0, 0x0, 0xc0002d5aa8, 0x3, 0x3)
	C:/github.com/AEON-MALL/todo/app/controllers/server.go:17 +0x2ce
todo/app/controllers.login(0x7ff74ed21a60, 0xc00015c0e0, 0xc000230900)
	C:/github.com/AEON-MALL/todo/app/controllers/route_auth.go:38 +0x113
net/http.HandlerFunc.ServeHTTP(0x7ff74ecc6d98, 0x7ff74ed21a60, 0xc00015c0e0, 0xc000230900)
	c:/go/src/net/http/server.go:2069 +0x4b
net/http.(*ServeMux).ServeHTTP(0x7ff74eee4480, 0x7ff74ed21a60, 0xc00015c0e0, 0xc000230900)
	c:/go/src/net/http/server.go:2448 +0x1b7
net/http.serverHandler.ServeHTTP(0xc00015c000, 0x7ff74ed21a60, 0xc00015c0e0, 0xc000230900)
	c:/go/src/net/http/server.go:2887 +0xaa
net/http.(*conn).serve(0xc0002f60a0, 0x7ff74ed22100, 0xc00020af00)
	c:/go/src/net/http/server.go:1952 +0x8cd
created by net/http.(*Server).Serve
	c:/go/src/net/http/server.go:3013 +0x3b8
2022/03/13 22:37:33 server.go:3139: http: panic serving [::1]:63885: template: login.html:1: function "degine" not defined
goroutine 105 [running]:
net/http.(*conn).serve.func1(0xc000068000)
	c:/go/src/net/http/server.go:1824 +0x153
panic(0x7ff74ec48400, 0xc00021e050)
	c:/go/src/runtime/panic.go:971 +0x49a
text/template.Must(...)
	c:/go/src/text/template/helper.go:25
todo/app/controllers.generateHTML(0x7ff74ed21a60, 0xc00023c000, 0x0, 0x0, 0xc0004cdaa8, 0x3, 0x3)
	C:/github.com/AEON-MALL/todo/app/controllers/server.go:17 +0x2ce
todo/app/controllers.login(0x7ff74ed21a60, 0xc00023c000, 0xc0001ae000)
	C:/github.com/AEON-MALL/todo/app/controllers/route_auth.go:38 +0x113
net/http.HandlerFunc.ServeHTTP(0x7ff74ecc6d98, 0x7ff74ed21a60, 0xc00023c000, 0xc0001ae000)
	c:/go/src/net/http/server.go:2069 +0x4b
net/http.(*ServeMux).ServeHTTP(0x7ff74eee4480, 0x7ff74ed21a60, 0xc00023c000, 0xc0001ae000)
	c:/go/src/net/http/server.go:2448 +0x1b7
net/http.serverHandler.ServeHTTP(0xc00015c000, 0x7ff74ed21a60, 0xc00023c000, 0xc0001ae000)
	c:/go/src/net/http/server.go:2887 +0xaa
net/http.(*conn).serve(0xc000068000, 0x7ff74ed22100, 0xc000024040)
	c:/go/src/net/http/server.go:1952 +0x8cd
created by net/http.(*Server).Serve
	c:/go/src/net/http/server.go:3013 +0x3b8
2022/03/13 22:37:38 server.go:3139: http: panic serving [::1]:63886: template: login.html:1: function "degine" not defined
goroutine 79 [running]:
net/http.(*conn).serve.func1(0xc000188000)
	c:/go/src/net/http/server.go:1824 +0x153
panic(0x7ff74ec48400, 0xc000047080)
	c:/go/src/runtime/panic.go:971 +0x49a
text/template.Must(...)
	c:/go/src/text/template/helper.go:25
todo/app/controllers.generateHTML(0x7ff74ed21a60, 0xc00015c1c0, 0x0, 0x0, 0xc0004cbaa8, 0x3, 0x3)
	C:/github.com/AEON-MALL/todo/app/controllers/server.go:17 +0x2ce
todo/app/controllers.login(0x7ff74ed21a60, 0xc00015c1c0, 0xc000230000)
	C:/github.com/AEON-MALL/todo/app/controllers/route_auth.go:38 +0x113
net/http.HandlerFunc.ServeHTTP(0x7ff74ecc6d98, 0x7ff74ed21a60, 0xc00015c1c0, 0xc000230000)
	c:/go/src/net/http/server.go:2069 +0x4b
net/http.(*ServeMux).ServeHTTP(0x7ff74eee4480, 0x7ff74ed21a60, 0xc00015c1c0, 0xc000230000)
	c:/go/src/net/http/server.go:2448 +0x1b7
net/http.serverHandler.ServeHTTP(0xc00015c000, 0x7ff74ed21a60, 0xc00015c1c0, 0xc000230000)
	c:/go/src/net/http/server.go:2887 +0xaa
net/http.(*conn).serve(0xc000188000, 0x7ff74ed22100, 0xc00009c440)
	c:/go/src/net/http/server.go:1952 +0x8cd
created by net/http.(*Server).Serve
	c:/go/src/net/http/server.go:3013 +0x3b8
2022/03/13 22:37:38 server.go:3139: http: panic serving [::1]:63887: template: login.html:1: function "degine" not defined
goroutine 51 [running]:
net/http.(*conn).serve.func1(0xc000234000)
	c:/go/src/net/http/server.go:1824 +0x153
panic(0x7ff74ec48400, 0xc0000471d0)
	c:/go/src/runtime/panic.go:971 +0x49a
text/template.Must(...)
	c:/go/src/text/template/helper.go:25
todo/app/controllers.generateHTML(0x7ff74ed21a60, 0xc00015c2a0, 0x0, 0x0, 0xc0000b1aa8, 0x3, 0x3)
	C:/github.com/AEON-MALL/todo/app/controllers/server.go:17 +0x2ce
todo/app/controllers.login(0x7ff74ed21a60, 0xc00015c2a0, 0xc00028c000)
	C:/github.com/AEON-MALL/todo/app/controllers/route_auth.go:38 +0x113
net/http.HandlerFunc.ServeHTTP(0x7ff74ecc6d98, 0x7ff74ed21a60, 0xc00015c2a0, 0xc00028c000)
	c:/go/src/net/http/server.go:2069 +0x4b
net/http.(*ServeMux).ServeHTTP(0x7ff74eee4480, 0x7ff74ed21a60, 0xc00015c2a0, 0xc00028c000)
	c:/go/src/net/http/server.go:2448 +0x1b7
net/http.serverHandler.ServeHTTP(0xc00015c000, 0x7ff74ed21a60, 0xc00015c2a0, 0xc00028c000)
	c:/go/src/net/http/server.go:2887 +0xaa
net/http.(*conn).serve(0xc000234000, 0x7ff74ed22100, 0xc00020a000)
	c:/go/src/net/http/server.go:1952 +0x8cd
created by net/http.(*Server).Serve
	c:/go/src/net/http/server.go:3013 +0x3b8
2022/03/13 22:37:38 server.go:3139: http: panic serving [::1]:63888: template: login.html:1: function "degine" not defined
goroutine 136 [running]:
net/http.(*conn).serve.func1(0xc0001880a0)
	c:/go/src/net/http/server.go:1824 +0x153
panic(0x7ff74ec48400, 0xc000047370)
	c:/go/src/runtime/panic.go:971 +0x49a
text/template.Must(...)
	c:/go/src/text/template/helper.go:25
todo/app/controllers.generateHTML(0x7ff74ed21a60, 0xc00015c380, 0x0, 0x0, 0xc00004daa8, 0x3, 0x3)
	C:/github.com/AEON-MALL/todo/app/controllers/server.go:17 +0x2ce
todo/app/controllers.login(0x7ff74ed21a60, 0xc00015c380, 0xc000230100)
	C:/github.com/AEON-MALL/todo/app/controllers/route_auth.go:38 +0x113
net/http.HandlerFunc.ServeHTTP(0x7ff74ecc6d98, 0x7ff74ed21a60, 0xc00015c380, 0xc000230100)
	c:/go/src/net/http/server.go:2069 +0x4b
net/http.(*ServeMux).ServeHTTP(0x7ff74eee4480, 0x7ff74ed21a60, 0xc00015c380, 0xc000230100)
	c:/go/src/net/http/server.go:2448 +0x1b7
net/http.serverHandler.ServeHTTP(0xc00015c000, 0x7ff74ed21a60, 0xc00015c380, 0xc000230100)
	c:/go/src/net/http/server.go:2887 +0xaa
net/http.(*conn).serve(0xc0001880a0, 0x7ff74ed22100, 0xc00009cac0)
	c:/go/src/net/http/server.go:1952 +0x8cd
created by net/http.(*Server).Serve
	c:/go/src/net/http/server.go:3013 +0x3b8
2022/03/13 22:37:44 server.go:3139: http: panic serving [::1]:63889: template: login.html:1: function "degine" not defined
goroutine 141 [running]:
net/http.(*conn).serve.func1(0xc0001881e0)
	c:/go/src/net/http/server.go:1824 +0x153
panic(0x7ff74ec48400, 0xc0004225c0)
	c:/go/src/runtime/panic.go:971 +0x49a
text/template.Must(...)
	c:/go/src/text/template/helper.go:25
todo/app/controllers.generateHTML(0x7ff74ed21a60, 0xc00023c0e0, 0x0, 0x0, 0xc00004daa8, 0x3, 0x3)
	C:/github.com/AEON-MALL/todo/app/controllers/server.go:17 +0x2ce
todo/app/controllers.login(0x7ff74ed21a60, 0xc00023c0e0, 0xc000230200)
	C:/github.com/AEON-MALL/todo/app/controllers/route_auth.go:38 +0x113
net/http.HandlerFunc.ServeHTTP(0x7ff74ecc6d98, 0x7ff74ed21a60, 0xc00023c0e0, 0xc000230200)
	c:/go/src/net/http/server.go:2069 +0x4b
net/http.(*ServeMux).ServeHTTP(0x7ff74eee4480, 0x7ff74ed21a60, 0xc00023c0e0, 0xc000230200)
	c:/go/src/net/http/server.go:2448 +0x1b7
net/http.serverHandler.ServeHTTP(0xc00015c000, 0x7ff74ed21a60, 0xc00023c0e0, 0xc000230200)
	c:/go/src/net/http/server.go:2887 +0xaa
net/http.(*conn).serve(0xc0001881e0, 0x7ff74ed22100, 0xc00009ce40)
	c:/go/src/net/http/server.go:1952 +0x8cd
created by net/http.(*Server).Serve
	c:/go/src/net/http/server.go:3013 +0x3b8
2022/03/13 22:37:44 server.go:3139: http: panic serving [::1]:63890: template: login.html:1: function "degine" not defined
goroutine 142 [running]:
net/http.(*conn).serve.func1(0xc000188280)
	c:/go/src/net/http/server.go:1824 +0x153
panic(0x7ff74ec48400, 0xc000047400)
	c:/go/src/runtime/panic.go:971 +0x49a
text/template.Must(...)
	c:/go/src/text/template/helper.go:25
todo/app/controllers.generateHTML(0x7ff74ed21a60, 0xc00023c1c0, 0x0, 0x0, 0xc000193aa8, 0x3, 0x3)
	C:/github.com/AEON-MALL/todo/app/controllers/server.go:17 +0x2ce
todo/app/controllers.login(0x7ff74ed21a60, 0xc00023c1c0, 0xc000230300)
	C:/github.com/AEON-MALL/todo/app/controllers/route_auth.go:38 +0x113
net/http.HandlerFunc.ServeHTTP(0x7ff74ecc6d98, 0x7ff74ed21a60, 0xc00023c1c0, 0xc000230300)
	c:/go/src/net/http/server.go:2069 +0x4b
net/http.(*ServeMux).ServeHTTP(0x7ff74eee4480, 0x7ff74ed21a60, 0xc00023c1c0, 0xc000230300)
	c:/go/src/net/http/server.go:2448 +0x1b7
net/http.serverHandler.ServeHTTP(0xc00015c000, 0x7ff74ed21a60, 0xc00023c1c0, 0xc000230300)
	c:/go/src/net/http/server.go:2887 +0xaa
net/http.(*conn).serve(0xc000188280, 0x7ff74ed22100, 0xc00009cec0)
	c:/go/src/net/http/server.go:1952 +0x8cd
created by net/http.(*Server).Serve
	c:/go/src/net/http/server.go:3013 +0x3b8
2022/03/13 22:37:44 server.go:3139: http: panic serving [::1]:63891: template: login.html:1: function "degine" not defined
goroutine 144 [running]:
net/http.(*conn).serve.func1(0xc000188320)
	c:/go/src/net/http/server.go:1824 +0x153
panic(0x7ff74ec48400, 0xc000422a40)
	c:/go/src/runtime/panic.go:971 +0x49a
text/template.Must(...)
	c:/go/src/text/template/helper.go:25
todo/app/controllers.generateHTML(0x7ff74ed21a60, 0xc00023c2a0, 0x0, 0x0, 0xc00017baa8, 0x3, 0x3)
	C:/github.com/AEON-MALL/todo/app/controllers/server.go:17 +0x2ce
todo/app/controllers.login(0x7ff74ed21a60, 0xc00023c2a0, 0xc0001ae100)
	C:/github.com/AEON-MALL/todo/app/controllers/route_auth.go:38 +0x113
net/http.HandlerFunc.ServeHTTP(0x7ff74ecc6d98, 0x7ff74ed21a60, 0xc00023c2a0, 0xc0001ae100)
	c:/go/src/net/http/server.go:2069 +0x4b
net/http.(*ServeMux).ServeHTTP(0x7ff74eee4480, 0x7ff74ed21a60, 0xc00023c2a0, 0xc0001ae100)
	c:/go/src/net/http/server.go:2448 +0x1b7
net/http.serverHandler.ServeHTTP(0xc00015c000, 0x7ff74ed21a60, 0xc00023c2a0, 0xc0001ae100)
	c:/go/src/net/http/server.go:2887 +0xaa
net/http.(*conn).serve(0xc000188320, 0x7ff74ed22100, 0xc000024d00)
	c:/go/src/net/http/server.go:1952 +0x8cd
created by net/http.(*Server).Serve
	c:/go/src/net/http/server.go:3013 +0x3b8
2022/03/13 22:39:44 server.go:3139: http: panic serving [::1]:63984: template: login.html:1: function "degine" not defined
goroutine 128 [running]:
net/http.(*conn).serve.func1(0xc0002f6140)
	c:/go/src/net/http/server.go:1824 +0x153
panic(0x7ff74ec48400, 0xc0004226c0)
	c:/go/src/runtime/panic.go:971 +0x49a
text/template.Must(...)
	c:/go/src/text/template/helper.go:25
todo/app/controllers.generateHTML(0x7ff74ed21a60, 0xc00008c1c0, 0x0, 0x0, 0xc00014daa8, 0x3, 0x3)
	C:/github.com/AEON-MALL/todo/app/controllers/server.go:17 +0x2ce
todo/app/controllers.login(0x7ff74ed21a60, 0xc00008c1c0, 0xc0004fa400)
	C:/github.com/AEON-MALL/todo/app/controllers/route_auth.go:38 +0x113
net/http.HandlerFunc.ServeHTTP(0x7ff74ecc6d98, 0x7ff74ed21a60, 0xc00008c1c0, 0xc0004fa400)
	c:/go/src/net/http/server.go:2069 +0x4b
net/http.(*ServeMux).ServeHTTP(0x7ff74eee4480, 0x7ff74ed21a60, 0xc00008c1c0, 0xc0004fa400)
	c:/go/src/net/http/server.go:2448 +0x1b7
net/http.serverHandler.ServeHTTP(0xc00015c000, 0x7ff74ed21a60, 0xc00008c1c0, 0xc0004fa400)
	c:/go/src/net/http/server.go:2887 +0xaa
net/http.(*conn).serve(0xc0002f6140, 0x7ff74ed22100, 0xc000025100)
	c:/go/src/net/http/server.go:1952 +0x8cd
created by net/http.(*Server).Serve
	c:/go/src/net/http/server.go:3013 +0x3b8
2022/03/13 22:39:44 server.go:3139: http: panic serving [::1]:63983: template: login.html:1: function "degine" not defined
goroutine 127 [running]:
net/http.(*conn).serve.func1(0xc0002f6000)
	c:/go/src/net/http/server.go:1824 +0x153
panic(0x7ff74ec48400, 0xc0004229b0)
	c:/go/src/runtime/panic.go:971 +0x49a
text/template.Must(...)
	c:/go/src/text/template/helper.go:25
todo/app/controllers.generateHTML(0x7ff74ed21a60, 0xc00008c2a0, 0x0, 0x0, 0xc00024baa8, 0x3, 0x3)
	C:/github.com/AEON-MALL/todo/app/controllers/server.go:17 +0x2ce
todo/app/controllers.login(0x7ff74ed21a60, 0xc00008c2a0, 0xc0001ae800)
	C:/github.com/AEON-MALL/todo/app/controllers/route_auth.go:38 +0x113
net/http.HandlerFunc.ServeHTTP(0x7ff74ecc6d98, 0x7ff74ed21a60, 0xc00008c2a0, 0xc0001ae800)
	c:/go/src/net/http/server.go:2069 +0x4b
net/http.(*ServeMux).ServeHTTP(0x7ff74eee4480, 0x7ff74ed21a60, 0xc00008c2a0, 0xc0001ae800)
	c:/go/src/net/http/server.go:2448 +0x1b7
net/http.serverHandler.ServeHTTP(0xc00015c000, 0x7ff74ed21a60, 0xc00008c2a0, 0xc0001ae800)
	c:/go/src/net/http/server.go:2887 +0xaa
net/http.(*conn).serve(0xc0002f6000, 0x7ff74ed22100, 0xc00009cfc0)
	c:/go/src/net/http/server.go:1952 +0x8cd
created by net/http.(*Server).Serve
	c:/go/src/net/http/server.go:3013 +0x3b8
2022/03/13 22:39:44 server.go:3139: http: panic serving [::1]:63985: template: login.html:1: function "degine" not defined
goroutine 172 [running]:
net/http.(*conn).serve.func1(0xc000068d20)
	c:/go/src/net/http/server.go:1824 +0x153
panic(0x7ff74ec48400, 0xc000422b20)
	c:/go/src/runtime/panic.go:971 +0x49a
text/template.Must(...)
	c:/go/src/text/template/helper.go:25
todo/app/controllers.generateHTML(0x7ff74ed21a60, 0xc00008c380, 0x0, 0x0, 0xc000179aa8, 0x3, 0x3)
	C:/github.com/AEON-MALL/todo/app/controllers/server.go:17 +0x2ce
todo/app/controllers.login(0x7ff74ed21a60, 0xc00008c380, 0xc0004fa500)
	C:/github.com/AEON-MALL/todo/app/controllers/route_auth.go:38 +0x113
net/http.HandlerFunc.ServeHTTP(0x7ff74ecc6d98, 0x7ff74ed21a60, 0xc00008c380, 0xc0004fa500)
	c:/go/src/net/http/server.go:2069 +0x4b
net/http.(*ServeMux).ServeHTTP(0x7ff74eee4480, 0x7ff74ed21a60, 0xc00008c380, 0xc0004fa500)
	c:/go/src/net/http/server.go:2448 +0x1b7
net/http.serverHandler.ServeHTTP(0xc00015c000, 0x7ff74ed21a60, 0xc00008c380, 0xc0004fa500)
	c:/go/src/net/http/server.go:2887 +0xaa
net/http.(*conn).serve(0xc000068d20, 0x7ff74ed22100, 0xc00019aa80)
	c:/go/src/net/http/server.go:1952 +0x8cd
created by net/http.(*Server).Serve
	c:/go/src/net/http/server.go:3013 +0x3b8
2022/03/13 22:39:45 server.go:3139: http: panic serving [::1]:63986: template: login.html:1: function "degine" not defined
goroutine 173 [running]:
net/http.(*conn).serve.func1(0xc000068dc0)
	c:/go/src/net/http/server.go:1824 +0x153
panic(0x7ff74ec48400, 0xc000422c70)
	c:/go/src/runtime/panic.go:971 +0x49a
text/template.Must(...)
	c:/go/src/text/template/helper.go:25
todo/app/controllers.generateHTML(0x7ff74ed21a60, 0xc00008c460, 0x0, 0x0, 0xc0002d9aa8, 0x3, 0x3)
	C:/github.com/AEON-MALL/todo/app/controllers/server.go:17 +0x2ce
todo/app/controllers.login(0x7ff74ed21a60, 0xc00008c460, 0xc0001aea00)
	C:/github.com/AEON-MALL/todo/app/controllers/route_auth.go:38 +0x113
net/http.HandlerFunc.ServeHTTP(0x7ff74ecc6d98, 0x7ff74ed21a60, 0xc00008c460, 0xc0001aea00)
	c:/go/src/net/http/server.go:2069 +0x4b
net/http.(*ServeMux).ServeHTTP(0x7ff74eee4480, 0x7ff74ed21a60, 0xc00008c460, 0xc0001aea00)
	c:/go/src/net/http/server.go:2448 +0x1b7
net/http.serverHandler.ServeHTTP(0xc00015c000, 0x7ff74ed21a60, 0xc00008c460, 0xc0001aea00)
	c:/go/src/net/http/server.go:2887 +0xaa
net/http.(*conn).serve(0xc000068dc0, 0x7ff74ed22100, 0xc00020a640)
	c:/go/src/net/http/server.go:1952 +0x8cd
created by net/http.(*Server).Serve
	c:/go/src/net/http/server.go:3013 +0x3b8
2022/03/13 22:39:45 server.go:3139: http: panic serving [::1]:63987: template: login.html:1: function "degine" not defined
goroutine 174 [running]:
net/http.(*conn).serve.func1(0xc000068e60)
	c:/go/src/net/http/server.go:1824 +0x153
panic(0x7ff74ec48400, 0xc0003e8970)
	c:/go/src/runtime/panic.go:971 +0x49a
text/template.Must(...)
	c:/go/src/text/template/helper.go:25
todo/app/controllers.generateHTML(0x7ff74ed21a60, 0xc0000f20e0, 0x0, 0x0, 0xc000193aa8, 0x3, 0x3)
	C:/github.com/AEON-MALL/todo/app/controllers/server.go:17 +0x2ce
todo/app/controllers.login(0x7ff74ed21a60, 0xc0000f20e0, 0xc0001aeb00)
	C:/github.com/AEON-MALL/todo/app/controllers/route_auth.go:38 +0x113
net/http.HandlerFunc.ServeHTTP(0x7ff74ecc6d98, 0x7ff74ed21a60, 0xc0000f20e0, 0xc0001aeb00)
	c:/go/src/net/http/server.go:2069 +0x4b
net/http.(*ServeMux).ServeHTTP(0x7ff74eee4480, 0x7ff74ed21a60, 0xc0000f20e0, 0xc0001aeb00)
	c:/go/src/net/http/server.go:2448 +0x1b7
net/http.serverHandler.ServeHTTP(0xc00015c000, 0x7ff74ed21a60, 0xc0000f20e0, 0xc0001aeb00)
	c:/go/src/net/http/server.go:2887 +0xaa
net/http.(*conn).serve(0xc000068e60, 0x7ff74ed22100, 0xc00020a6c0)
	c:/go/src/net/http/server.go:1952 +0x8cd
created by net/http.(*Server).Serve
	c:/go/src/net/http/server.go:3013 +0x3b8
2022/03/13 22:39:45 server.go:3139: http: panic serving [::1]:63988: template: login.html:1: function "degine" not defined
goroutine 64 [running]:
net/http.(*conn).serve.func1(0xc0002f61e0)
	c:/go/src/net/http/server.go:1824 +0x153
panic(0x7ff74ec48400, 0xc000422dd0)
	c:/go/src/runtime/panic.go:971 +0x49a
text/template.Must(...)
	c:/go/src/text/template/helper.go:25
todo/app/controllers.generateHTML(0x7ff74ed21a60, 0xc00008c540, 0x0, 0x0, 0xc0000b3aa8, 0x3, 0x3)
	C:/github.com/AEON-MALL/todo/app/controllers/server.go:17 +0x2ce
todo/app/controllers.login(0x7ff74ed21a60, 0xc00008c540, 0xc0004fa600)
	C:/github.com/AEON-MALL/todo/app/controllers/route_auth.go:38 +0x113
net/http.HandlerFunc.ServeHTTP(0x7ff74ecc6d98, 0x7ff74ed21a60, 0xc00008c540, 0xc0004fa600)
	c:/go/src/net/http/server.go:2069 +0x4b
net/http.(*ServeMux).ServeHTTP(0x7ff74eee4480, 0x7ff74ed21a60, 0xc00008c540, 0xc0004fa600)
	c:/go/src/net/http/server.go:2448 +0x1b7
net/http.serverHandler.ServeHTTP(0xc00015c000, 0x7ff74ed21a60, 0xc00008c540, 0xc0004fa600)
	c:/go/src/net/http/server.go:2887 +0xaa
net/http.(*conn).serve(0xc0002f61e0, 0x7ff74ed22100, 0xc00019b100)
	c:/go/src/net/http/server.go:1952 +0x8cd
created by net/http.(*Server).Serve
	c:/go/src/net/http/server.go:3013 +0x3b8
2022/03/13 22:39:56 server.go:3139: http: panic serving [::1]:63989: template: login.html:1: function "degine" not defined
goroutine 177 [running]:
net/http.(*conn).serve.func1(0xc000068fa0)
	c:/go/src/net/http/server.go:1824 +0x153
panic(0x7ff74ec48400, 0xc0003e9530)
	c:/go/src/runtime/panic.go:971 +0x49a
text/template.Must(...)
	c:/go/src/text/template/helper.go:25
todo/app/controllers.generateHTML(0x7ff74ed21a60, 0xc0000f2700, 0x0, 0x0, 0xc00014daa8, 0x3, 0x3)
	C:/github.com/AEON-MALL/todo/app/controllers/server.go:17 +0x2ce
todo/app/controllers.login(0x7ff74ed21a60, 0xc0000f2700, 0xc000230c00)
	C:/github.com/AEON-MALL/todo/app/controllers/route_auth.go:38 +0x113
net/http.HandlerFunc.ServeHTTP(0x7ff74ecc6d98, 0x7ff74ed21a60, 0xc0000f2700, 0xc000230c00)
	c:/go/src/net/http/server.go:2069 +0x4b
net/http.(*ServeMux).ServeHTTP(0x7ff74eee4480, 0x7ff74ed21a60, 0xc0000f2700, 0xc000230c00)
	c:/go/src/net/http/server.go:2448 +0x1b7
net/http.serverHandler.ServeHTTP(0xc00015c000, 0x7ff74ed21a60, 0xc0000f2700, 0xc000230c00)
	c:/go/src/net/http/server.go:2887 +0xaa
net/http.(*conn).serve(0xc000068fa0, 0x7ff74ed22100, 0xc00019b480)
	c:/go/src/net/http/server.go:1952 +0x8cd
created by net/http.(*Server).Serve
	c:/go/src/net/http/server.go:3013 +0x3b8
2022/03/13 22:39:56 server.go:3139: http: panic serving [::1]:63990: template: login.html:1: function "degine" not defined
goroutine 65 [running]:
net/http.(*conn).serve.func1(0xc0002f6280)
	c:/go/src/net/http/server.go:1824 +0x153
panic(0x7ff74ec48400, 0xc0003e9730)
	c:/go/src/runtime/panic.go:971 +0x49a
text/template.Must(...)
	c:/go/src/text/template/helper.go:25
todo/app/controllers.generateHTML(0x7ff74ed21a60, 0xc0000f27e0, 0x0, 0x0, 0xc000327aa8, 0x3, 0x3)
	C:/github.com/AEON-MALL/todo/app/controllers/server.go:17 +0x2ce
todo/app/controllers.login(0x7ff74ed21a60, 0xc0000f27e0, 0xc0004fb200)
	C:/github.com/AEON-MALL/todo/app/controllers/route_auth.go:38 +0x113
net/http.HandlerFunc.ServeHTTP(0x7ff74ecc6d98, 0x7ff74ed21a60, 0xc0000f27e0, 0xc0004fb200)
	c:/go/src/net/http/server.go:2069 +0x4b
net/http.(*ServeMux).ServeHTTP(0x7ff74eee4480, 0x7ff74ed21a60, 0xc0000f27e0, 0xc0004fb200)
	c:/go/src/net/http/server.go:2448 +0x1b7
net/http.serverHandler.ServeHTTP(0xc00015c000, 0x7ff74ed21a60, 0xc0000f27e0, 0xc0004fb200)
	c:/go/src/net/http/server.go:2887 +0xaa
net/http.(*conn).serve(0xc0002f6280, 0x7ff74ed22100, 0xc00020a940)
	c:/go/src/net/http/server.go:1952 +0x8cd
created by net/http.(*Server).Serve
	c:/go/src/net/http/server.go:3013 +0x3b8
2022/03/13 22:39:56 server.go:3139: http: panic serving [::1]:63991: template: login.html:1: function "degine" not defined
goroutine 244 [running]:
net/http.(*conn).serve.func1(0xc0002f6640)
	c:/go/src/net/http/server.go:1824 +0x153
panic(0x7ff74ec48400, 0xc000047680)
	c:/go/src/runtime/panic.go:971 +0x49a
text/template.Must(...)
	c:/go/src/text/template/helper.go:25
todo/app/controllers.generateHTML(0x7ff74ed21a60, 0xc0000f28c0, 0x0, 0x0, 0xc0000cfaa8, 0x3, 0x3)
	C:/github.com/AEON-MALL/todo/app/controllers/server.go:17 +0x2ce
todo/app/controllers.login(0x7ff74ed21a60, 0xc0000f28c0, 0xc0004fb300)
	C:/github.com/AEON-MALL/todo/app/controllers/route_auth.go:38 +0x113
net/http.HandlerFunc.ServeHTTP(0x7ff74ecc6d98, 0x7ff74ed21a60, 0xc0000f28c0, 0xc0004fb300)
	c:/go/src/net/http/server.go:2069 +0x4b
net/http.(*ServeMux).ServeHTTP(0x7ff74eee4480, 0x7ff74ed21a60, 0xc0000f28c0, 0xc0004fb300)
	c:/go/src/net/http/server.go:2448 +0x1b7
net/http.serverHandler.ServeHTTP(0xc00015c000, 0x7ff74ed21a60, 0xc0000f28c0, 0xc0004fb300)
	c:/go/src/net/http/server.go:2887 +0xaa
net/http.(*conn).serve(0xc0002f6640, 0x7ff74ed22100, 0xc00029c240)
	c:/go/src/net/http/server.go:1952 +0x8cd
created by net/http.(*Server).Serve
	c:/go/src/net/http/server.go:3013 +0x3b8
2022/03/13 22:39:57 server.go:3139: http: panic serving [::1]:63992: template: login.html:1: function "degine" not defined
goroutine 207 [running]:
net/http.(*conn).serve.func1(0xc0000b63c0)
	c:/go/src/net/http/server.go:1824 +0x153
panic(0x7ff74ec48400, 0xc000047730)
	c:/go/src/runtime/panic.go:971 +0x49a
text/template.Must(...)
	c:/go/src/text/template/helper.go:25
todo/app/controllers.generateHTML(0x7ff74ed21a60, 0xc00008cb60, 0x0, 0x0, 0xc0000d1aa8, 0x3, 0x3)
	C:/github.com/AEON-MALL/todo/app/controllers/server.go:17 +0x2ce
todo/app/controllers.login(0x7ff74ed21a60, 0xc00008cb60, 0xc0004fb400)
	C:/github.com/AEON-MALL/todo/app/controllers/route_auth.go:38 +0x113
net/http.HandlerFunc.ServeHTTP(0x7ff74ecc6d98, 0x7ff74ed21a60, 0xc00008cb60, 0xc0004fb400)
	c:/go/src/net/http/server.go:2069 +0x4b
net/http.(*ServeMux).ServeHTTP(0x7ff74eee4480, 0x7ff74ed21a60, 0xc00008cb60, 0xc0004fb400)
	c:/go/src/net/http/server.go:2448 +0x1b7
net/http.serverHandler.ServeHTTP(0xc00015c000, 0x7ff74ed21a60, 0xc00008cb60, 0xc0004fb400)
	c:/go/src/net/http/server.go:2887 +0xaa
net/http.(*conn).serve(0xc0000b63c0, 0x7ff74ed22100, 0xc00029c2c0)
	c:/go/src/net/http/server.go:1952 +0x8cd
created by net/http.(*Server).Serve
	c:/go/src/net/http/server.go:3013 +0x3b8
2022/03/13 22:39:57 server.go:3139: http: panic serving [::1]:63993: template: login.html:1: function "degine" not defined
goroutine 258 [running]:
net/http.(*conn).serve.func1(0xc000069220)
	c:/go/src/net/http/server.go:1824 +0x153
panic(0x7ff74ec48400, 0xc000047880)
	c:/go/src/runtime/panic.go:971 +0x49a
text/template.Must(...)
	c:/go/src/text/template/helper.go:25
todo/app/controllers.generateHTML(0x7ff74ed21a60, 0xc0000f29a0, 0x0, 0x0, 0xc0000b5aa8, 0x3, 0x3)
	C:/github.com/AEON-MALL/todo/app/controllers/server.go:17 +0x2ce
todo/app/controllers.login(0x7ff74ed21a60, 0xc0000f29a0, 0xc0004fb500)
	C:/github.com/AEON-MALL/todo/app/controllers/route_auth.go:38 +0x113
net/http.HandlerFunc.ServeHTTP(0x7ff74ecc6d98, 0x7ff74ed21a60, 0xc0000f29a0, 0xc0004fb500)
	c:/go/src/net/http/server.go:2069 +0x4b
net/http.(*ServeMux).ServeHTTP(0x7ff74eee4480, 0x7ff74ed21a60, 0xc0000f29a0, 0xc0004fb500)
	c:/go/src/net/http/server.go:2448 +0x1b7
net/http.serverHandler.ServeHTTP(0xc00015c000, 0x7ff74ed21a60, 0xc0000f29a0, 0xc0004fb500)
	c:/go/src/net/http/server.go:2887 +0xaa
net/http.(*conn).serve(0xc000069220, 0x7ff74ed22100, 0xc00029c340)
	c:/go/src/net/http/server.go:1952 +0x8cd
created by net/http.(*Server).Serve
	c:/go/src/net/http/server.go:3013 +0x3b8
2022/03/13 22:39:57 server.go:3139: http: panic serving [::1]:63994: template: login.html:1: function "degine" not defined
goroutine 259 [running]:
net/http.(*conn).serve.func1(0xc0000692c0)
	c:/go/src/net/http/server.go:1824 +0x153
panic(0x7ff74ec48400, 0xc0003e9960)
	c:/go/src/runtime/panic.go:971 +0x49a
text/template.Must(...)
	c:/go/src/text/template/helper.go:25
todo/app/controllers.generateHTML(0x7ff74ed21a60, 0xc0000f2a80, 0x0, 0x0, 0xc000267aa8, 0x3, 0x3)
	C:/github.com/AEON-MALL/todo/app/controllers/server.go:17 +0x2ce
todo/app/controllers.login(0x7ff74ed21a60, 0xc0000f2a80, 0xc000230d00)
	C:/github.com/AEON-MALL/todo/app/controllers/route_auth.go:38 +0x113
net/http.HandlerFunc.ServeHTTP(0x7ff74ecc6d98, 0x7ff74ed21a60, 0xc0000f2a80, 0xc000230d00)
	c:/go/src/net/http/server.go:2069 +0x4b
net/http.(*ServeMux).ServeHTTP(0x7ff74eee4480, 0x7ff74ed21a60, 0xc0000f2a80, 0xc000230d00)
	c:/go/src/net/http/server.go:2448 +0x1b7
net/http.serverHandler.ServeHTTP(0xc00015c000, 0x7ff74ed21a60, 0xc0000f2a80, 0xc000230d00)
	c:/go/src/net/http/server.go:2887 +0xaa
net/http.(*conn).serve(0xc0000692c0, 0x7ff74ed22100, 0xc00009da80)
	c:/go/src/net/http/server.go:1952 +0x8cd
created by net/http.(*Server).Serve
	c:/go/src/net/http/server.go:3013 +0x3b8
2022/03/13 22:39:58 server.go:3139: http: panic serving [::1]:63995: template: login.html:1: function "degine" not defined
goroutine 262 [running]:
net/http.(*conn).serve.func1(0xc000069360)
	c:/go/src/net/http/server.go:1824 +0x153
panic(0x7ff74ec48400, 0xc0000479f0)
	c:/go/src/runtime/panic.go:971 +0x49a
text/template.Must(...)
	c:/go/src/text/template/helper.go:25
todo/app/controllers.generateHTML(0x7ff74ed21a60, 0xc00015c9a0, 0x0, 0x0, 0xc0000cfaa8, 0x3, 0x3)
	C:/github.com/AEON-MALL/todo/app/controllers/server.go:17 +0x2ce
todo/app/controllers.login(0x7ff74ed21a60, 0xc00015c9a0, 0xc0001af200)
	C:/github.com/AEON-MALL/todo/app/controllers/route_auth.go:38 +0x113
net/http.HandlerFunc.ServeHTTP(0x7ff74ecc6d98, 0x7ff74ed21a60, 0xc00015c9a0, 0xc0001af200)
	c:/go/src/net/http/server.go:2069 +0x4b
net/http.(*ServeMux).ServeHTTP(0x7ff74eee4480, 0x7ff74ed21a60, 0xc00015c9a0, 0xc0001af200)
	c:/go/src/net/http/server.go:2448 +0x1b7
net/http.serverHandler.ServeHTTP(0xc00015c000, 0x7ff74ed21a60, 0xc00015c9a0, 0xc0001af200)
	c:/go/src/net/http/server.go:2887 +0xaa
net/http.(*conn).serve(0xc000069360, 0x7ff74ed22100, 0xc00020b640)
	c:/go/src/net/http/server.go:1952 +0x8cd
created by net/http.(*Server).Serve
	c:/go/src/net/http/server.go:3013 +0x3b8
2022/03/13 22:39:58 server.go:3139: http: panic serving [::1]:63996: template: login.html:1: function "degine" not defined
goroutine 257 [running]:
net/http.(*conn).serve.func1(0xc0002f66e0)
	c:/go/src/net/http/server.go:1824 +0x153
panic(0x7ff74ec48400, 0xc000047b40)
	c:/go/src/runtime/panic.go:971 +0x49a
text/template.Must(...)
	c:/go/src/text/template/helper.go:25
todo/app/controllers.generateHTML(0x7ff74ed21a60, 0xc0000f2b60, 0x0, 0x0, 0xc000267aa8, 0x3, 0x3)
	C:/github.com/AEON-MALL/todo/app/controllers/server.go:17 +0x2ce
todo/app/controllers.login(0x7ff74ed21a60, 0xc0000f2b60, 0xc000230e00)
	C:/github.com/AEON-MALL/todo/app/controllers/route_auth.go:38 +0x113
net/http.HandlerFunc.ServeHTTP(0x7ff74ecc6d98, 0x7ff74ed21a60, 0xc0000f2b60, 0xc000230e00)
	c:/go/src/net/http/server.go:2069 +0x4b
net/http.(*ServeMux).ServeHTTP(0x7ff74eee4480, 0x7ff74ed21a60, 0xc0000f2b60, 0xc000230e00)
	c:/go/src/net/http/server.go:2448 +0x1b7
net/http.serverHandler.ServeHTTP(0xc00015c000, 0x7ff74ed21a60, 0xc0000f2b60, 0xc000230e00)
	c:/go/src/net/http/server.go:2887 +0xaa
net/http.(*conn).serve(0xc0002f66e0, 0x7ff74ed22100, 0xc00009dc40)
	c:/go/src/net/http/server.go:1952 +0x8cd
created by net/http.(*Server).Serve
	c:/go/src/net/http/server.go:3013 +0x3b8
2022/03/13 22:39:58 server.go:3139: http: panic serving [::1]:63997: template: login.html:1: function "degine" not defined
goroutine 280 [running]:
net/http.(*conn).serve.func1(0xc0002f6780)
	c:/go/src/net/http/server.go:1824 +0x153
panic(0x7ff74ec48400, 0xc0003e9fa0)
	c:/go/src/runtime/panic.go:971 +0x49a
text/template.Must(...)
	c:/go/src/text/template/helper.go:25
todo/app/controllers.generateHTML(0x7ff74ed21a60, 0xc00015ca80, 0x0, 0x0, 0xc0000b5aa8, 0x3, 0x3)
	C:/github.com/AEON-MALL/todo/app/controllers/server.go:17 +0x2ce
todo/app/controllers.login(0x7ff74ed21a60, 0xc00015ca80, 0xc0001af300)
	C:/github.com/AEON-MALL/todo/app/controllers/route_auth.go:38 +0x113
net/http.HandlerFunc.ServeHTTP(0x7ff74ecc6d98, 0x7ff74ed21a60, 0xc00015ca80, 0xc0001af300)
	c:/go/src/net/http/server.go:2069 +0x4b
net/http.(*ServeMux).ServeHTTP(0x7ff74eee4480, 0x7ff74ed21a60, 0xc00015ca80, 0xc0001af300)
	c:/go/src/net/http/server.go:2448 +0x1b7
net/http.serverHandler.ServeHTTP(0xc00015c000, 0x7ff74ed21a60, 0xc00015ca80, 0xc0001af300)
	c:/go/src/net/http/server.go:2887 +0xaa
net/http.(*conn).serve(0xc0002f6780, 0x7ff74ed22100, 0xc00020b840)
	c:/go/src/net/http/server.go:1952 +0x8cd
created by net/http.(*Server).Serve
	c:/go/src/net/http/server.go:3013 +0x3b8
2022/03/13 22:39:59 server.go:3139: http: panic serving [::1]:63998: template: login.html:1: function "degine" not defined
goroutine 281 [running]:
net/http.(*conn).serve.func1(0xc0002f6820)
	c:/go/src/net/http/server.go:1824 +0x153
panic(0x7ff74ec48400, 0xc000047cb0)
	c:/go/src/runtime/panic.go:971 +0x49a
text/template.Must(...)
	c:/go/src/text/template/helper.go:25
todo/app/controllers.generateHTML(0x7ff74ed21a60, 0xc0000f2c40, 0x0, 0x0, 0xc0000afaa8, 0x3, 0x3)
	C:/github.com/AEON-MALL/todo/app/controllers/server.go:17 +0x2ce
todo/app/controllers.login(0x7ff74ed21a60, 0xc0000f2c40, 0xc000230f00)
	C:/github.com/AEON-MALL/todo/app/controllers/route_auth.go:38 +0x113
net/http.HandlerFunc.ServeHTTP(0x7ff74ecc6d98, 0x7ff74ed21a60, 0xc0000f2c40, 0xc000230f00)
	c:/go/src/net/http/server.go:2069 +0x4b
net/http.(*ServeMux).ServeHTTP(0x7ff74eee4480, 0x7ff74ed21a60, 0xc0000f2c40, 0xc000230f00)
	c:/go/src/net/http/server.go:2448 +0x1b7
net/http.serverHandler.ServeHTTP(0xc00015c000, 0x7ff74ed21a60, 0xc0000f2c40, 0xc000230f00)
	c:/go/src/net/http/server.go:2887 +0xaa
net/http.(*conn).serve(0xc0002f6820, 0x7ff74ed22100, 0xc0003be100)
	c:/go/src/net/http/server.go:1952 +0x8cd
created by net/http.(*Server).Serve
	c:/go/src/net/http/server.go:3013 +0x3b8
2022/03/13 22:39:59 server.go:3139: http: panic serving [::1]:63999: template: login.html:1: function "degine" not defined
goroutine 290 [running]:
net/http.(*conn).serve.func1(0xc0000b6460)
	c:/go/src/net/http/server.go:1824 +0x153
panic(0x7ff74ec48400, 0xc000047e00)
	c:/go/src/runtime/panic.go:971 +0x49a
text/template.Must(...)
	c:/go/src/text/template/helper.go:25
todo/app/controllers.generateHTML(0x7ff74ed21a60, 0xc0000f2d20, 0x0, 0x0, 0xc0000d1aa8, 0x3, 0x3)
	C:/github.com/AEON-MALL/todo/app/controllers/server.go:17 +0x2ce
todo/app/controllers.login(0x7ff74ed21a60, 0xc0000f2d20, 0xc0004fb600)
	C:/github.com/AEON-MALL/todo/app/controllers/route_auth.go:38 +0x113
net/http.HandlerFunc.ServeHTTP(0x7ff74ecc6d98, 0x7ff74ed21a60, 0xc0000f2d20, 0xc0004fb600)
	c:/go/src/net/http/server.go:2069 +0x4b
net/http.(*ServeMux).ServeHTTP(0x7ff74eee4480, 0x7ff74ed21a60, 0xc0000f2d20, 0xc0004fb600)
	c:/go/src/net/http/server.go:2448 +0x1b7
net/http.serverHandler.ServeHTTP(0xc00015c000, 0x7ff74ed21a60, 0xc0000f2d20, 0xc0004fb600)
	c:/go/src/net/http/server.go:2887 +0xaa
net/http.(*conn).serve(0xc0000b6460, 0x7ff74ed22100, 0xc00029c680)
	c:/go/src/net/http/server.go:1952 +0x8cd
created by net/http.(*Server).Serve
	c:/go/src/net/http/server.go:3013 +0x3b8
2022/03/13 22:39:59 server.go:3139: http: panic serving [::1]:64000: template: login.html:1: function "degine" not defined
goroutine 306 [running]:
net/http.(*conn).serve.func1(0xc0002f68c0)
	c:/go/src/net/http/server.go:1824 +0x153
panic(0x7ff74ec48400, 0xc000047f50)
	c:/go/src/runtime/panic.go:971 +0x49a
text/template.Must(...)
	c:/go/src/text/template/helper.go:25
todo/app/controllers.generateHTML(0x7ff74ed21a60, 0xc0000f2e00, 0x0, 0x0, 0xc0000d1aa8, 0x3, 0x3)
	C:/github.com/AEON-MALL/todo/app/controllers/server.go:17 +0x2ce
todo/app/controllers.login(0x7ff74ed21a60, 0xc0000f2e00, 0xc000231000)
	C:/github.com/AEON-MALL/todo/app/controllers/route_auth.go:38 +0x113
net/http.HandlerFunc.ServeHTTP(0x7ff74ecc6d98, 0x7ff74ed21a60, 0xc0000f2e00, 0xc000231000)
	c:/go/src/net/http/server.go:2069 +0x4b
net/http.(*ServeMux).ServeHTTP(0x7ff74eee4480, 0x7ff74ed21a60, 0xc0000f2e00, 0xc000231000)
	c:/go/src/net/http/server.go:2448 +0x1b7
net/http.serverHandler.ServeHTTP(0xc00015c000, 0x7ff74ed21a60, 0xc0000f2e00, 0xc000231000)
	c:/go/src/net/http/server.go:2887 +0xaa
net/http.(*conn).serve(0xc0002f68c0, 0x7ff74ed22100, 0xc0003be700)
	c:/go/src/net/http/server.go:1952 +0x8cd
created by net/http.(*Server).Serve
	c:/go/src/net/http/server.go:3013 +0x3b8
2022/03/13 22:40:54 server.go:3139: http: panic serving [::1]:64001: template: login.html:1: function "degine" not defined
goroutine 311 [running]:
net/http.(*conn).serve.func1(0xc0002f6960)
	c:/go/src/net/http/server.go:1824 +0x153
panic(0x7ff74ec48400, 0xc0003ed020)
	c:/go/src/runtime/panic.go:971 +0x49a
text/template.Must(...)
	c:/go/src/text/template/helper.go:25
todo/app/controllers.generateHTML(0x7ff74ed21a60, 0xc00015cee0, 0x0, 0x0, 0xc0004d9aa8, 0x3, 0x3)
	C:/github.com/AEON-MALL/todo/app/controllers/server.go:17 +0x2ce
todo/app/controllers.login(0x7ff74ed21a60, 0xc00015cee0, 0xc000231c00)
	C:/github.com/AEON-MALL/todo/app/controllers/route_auth.go:38 +0x113
net/http.HandlerFunc.ServeHTTP(0x7ff74ecc6d98, 0x7ff74ed21a60, 0xc00015cee0, 0xc000231c00)
	c:/go/src/net/http/server.go:2069 +0x4b
net/http.(*ServeMux).ServeHTTP(0x7ff74eee4480, 0x7ff74ed21a60, 0xc00015cee0, 0xc000231c00)
	c:/go/src/net/http/server.go:2448 +0x1b7
net/http.serverHandler.ServeHTTP(0xc00015c000, 0x7ff74ed21a60, 0xc00015cee0, 0xc000231c00)
	c:/go/src/net/http/server.go:2887 +0xaa
net/http.(*conn).serve(0xc0002f6960, 0x7ff74ed22100, 0xc0003be9c0)
	c:/go/src/net/http/server.go:1952 +0x8cd
created by net/http.(*Server).Serve
	c:/go/src/net/http/server.go:3013 +0x3b8
2022/03/13 22:40:54 server.go:3139: http: panic serving [::1]:64002: template: login.html:1: function "degine" not defined
goroutine 312 [running]:
net/http.(*conn).serve.func1(0xc0002f6a00)
	c:/go/src/net/http/server.go:1824 +0x153
panic(0x7ff74ec48400, 0xc000423880)
	c:/go/src/runtime/panic.go:971 +0x49a
text/template.Must(...)
	c:/go/src/text/template/helper.go:25
todo/app/controllers.generateHTML(0x7ff74ed21a60, 0xc00015cfc0, 0x0, 0x0, 0xc000327aa8, 0x3, 0x3)
	C:/github.com/AEON-MALL/todo/app/controllers/server.go:17 +0x2ce
todo/app/controllers.login(0x7ff74ed21a60, 0xc00015cfc0, 0xc000231b00)
	C:/github.com/AEON-MALL/todo/app/controllers/route_auth.go:38 +0x113
net/http.HandlerFunc.ServeHTTP(0x7ff74ecc6d98, 0x7ff74ed21a60, 0xc00015cfc0, 0xc000231b00)
	c:/go/src/net/http/server.go:2069 +0x4b
net/http.(*ServeMux).ServeHTTP(0x7ff74eee4480, 0x7ff74ed21a60, 0xc00015cfc0, 0xc000231b00)
	c:/go/src/net/http/server.go:2448 +0x1b7
net/http.serverHandler.ServeHTTP(0xc00015c000, 0x7ff74ed21a60, 0xc00015cfc0, 0xc000231b00)
	c:/go/src/net/http/server.go:2887 +0xaa
net/http.(*conn).serve(0xc0002f6a00, 0x7ff74ed22100, 0xc0003bea40)
	c:/go/src/net/http/server.go:1952 +0x8cd
created by net/http.(*Server).Serve
	c:/go/src/net/http/server.go:3013 +0x3b8
2022/03/13 22:40:54 server.go:3139: http: panic serving [::1]:64004: template: login.html:1: function "degine" not defined
goroutine 349 [running]:
net/http.(*conn).serve.func1(0xc0002f6f00)
	c:/go/src/net/http/server.go:1824 +0x153
panic(0x7ff74ec48400, 0xc0003f72e0)
	c:/go/src/runtime/panic.go:971 +0x49a
text/template.Must(...)
	c:/go/src/text/template/helper.go:25
todo/app/controllers.generateHTML(0x7ff74ed21a60, 0xc0000f35e0, 0x0, 0x0, 0xc0004efaa8, 0x3, 0x3)
	C:/github.com/AEON-MALL/todo/app/controllers/server.go:17 +0x2ce
todo/app/controllers.login(0x7ff74ed21a60, 0xc0000f35e0, 0xc00036a500)
	C:/github.com/AEON-MALL/todo/app/controllers/route_auth.go:38 +0x113
net/http.HandlerFunc.ServeHTTP(0x7ff74ecc6d98, 0x7ff74ed21a60, 0xc0000f35e0, 0xc00036a500)
	c:/go/src/net/http/server.go:2069 +0x4b
net/http.(*ServeMux).ServeHTTP(0x7ff74eee4480, 0x7ff74ed21a60, 0xc0000f35e0, 0xc00036a500)
	c:/go/src/net/http/server.go:2448 +0x1b7
net/http.serverHandler.ServeHTTP(0xc00015c000, 0x7ff74ed21a60, 0xc0000f35e0, 0xc00036a500)
	c:/go/src/net/http/server.go:2887 +0xaa
net/http.(*conn).serve(0xc0002f6f00, 0x7ff74ed22100, 0xc00029d300)
	c:/go/src/net/http/server.go:1952 +0x8cd
created by net/http.(*Server).Serve
	c:/go/src/net/http/server.go:3013 +0x3b8
2022/03/13 22:40:55 server.go:3139: http: panic serving [::1]:64005: template: login.html:1: function "degine" not defined
goroutine 386 [running]:
net/http.(*conn).serve.func1(0xc0000694a0)
	c:/go/src/net/http/server.go:1824 +0x153
panic(0x7ff74ec48400, 0xc000423970)
	c:/go/src/runtime/panic.go:971 +0x49a
text/template.Must(...)
	c:/go/src/text/template/helper.go:25
todo/app/controllers.generateHTML(0x7ff74ed21a60, 0xc00015d0a0, 0x0, 0x0, 0xc0004ebaa8, 0x3, 0x3)
	C:/github.com/AEON-MALL/todo/app/controllers/server.go:17 +0x2ce
todo/app/controllers.login(0x7ff74ed21a60, 0xc00015d0a0, 0xc00036a600)
	C:/github.com/AEON-MALL/todo/app/controllers/route_auth.go:38 +0x113
net/http.HandlerFunc.ServeHTTP(0x7ff74ecc6d98, 0x7ff74ed21a60, 0xc00015d0a0, 0xc00036a600)
	c:/go/src/net/http/server.go:2069 +0x4b
net/http.(*ServeMux).ServeHTTP(0x7ff74eee4480, 0x7ff74ed21a60, 0xc00015d0a0, 0xc00036a600)
	c:/go/src/net/http/server.go:2448 +0x1b7
net/http.serverHandler.ServeHTTP(0xc00015c000, 0x7ff74ed21a60, 0xc00015d0a0, 0xc00036a600)
	c:/go/src/net/http/server.go:2887 +0xaa
net/http.(*conn).serve(0xc0000694a0, 0x7ff74ed22100, 0xc00029d380)
	c:/go/src/net/http/server.go:1952 +0x8cd
created by net/http.(*Server).Serve
	c:/go/src/net/http/server.go:3013 +0x3b8
2022/03/13 22:40:55 server.go:3139: http: panic serving [::1]:64006: template: login.html:1: function "degine" not defined
goroutine 387 [running]:
net/http.(*conn).serve.func1(0xc000069540)
	c:/go/src/net/http/server.go:1824 +0x153
panic(0x7ff74ec48400, 0xc000198160)
	c:/go/src/runtime/panic.go:971 +0x49a
text/template.Must(...)
	c:/go/src/text/template/helper.go:25
todo/app/controllers.generateHTML(0x7ff74ed21a60, 0xc00015c0e0, 0x0, 0x0, 0xc000603aa8, 0x3, 0x3)
	C:/github.com/AEON-MALL/todo/app/controllers/server.go:17 +0x2ce
todo/app/controllers.login(0x7ff74ed21a60, 0xc00015c0e0, 0xc00036a700)
	C:/github.com/AEON-MALL/todo/app/controllers/route_auth.go:38 +0x113
net/http.HandlerFunc.ServeHTTP(0x7ff74ecc6d98, 0x7ff74ed21a60, 0xc00015c0e0, 0xc00036a700)
	c:/go/src/net/http/server.go:2069 +0x4b
net/http.(*ServeMux).ServeHTTP(0x7ff74eee4480, 0x7ff74ed21a60, 0xc00015c0e0, 0xc00036a700)
	c:/go/src/net/http/server.go:2448 +0x1b7
net/http.serverHandler.ServeHTTP(0xc00015c000, 0x7ff74ed21a60, 0xc00015c0e0, 0xc00036a700)
	c:/go/src/net/http/server.go:2887 +0xaa
net/http.(*conn).serve(0xc000069540, 0x7ff74ed22100, 0xc00029d400)
	c:/go/src/net/http/server.go:1952 +0x8cd
created by net/http.(*Server).Serve
	c:/go/src/net/http/server.go:3013 +0x3b8
2022/03/13 22:40:55 server.go:3139: http: panic serving [::1]:64007: template: login.html:1: function "degine" not defined
goroutine 393 [running]:
net/http.(*conn).serve.func1(0xc000068000)
	c:/go/src/net/http/server.go:1824 +0x153
panic(0x7ff74ec48400, 0xc000422190)
	c:/go/src/runtime/panic.go:971 +0x49a
text/template.Must(...)
	c:/go/src/text/template/helper.go:25
todo/app/controllers.generateHTML(0x7ff74ed21a60, 0xc000644000, 0x0, 0x0, 0xc000623aa8, 0x3, 0x3)
	C:/github.com/AEON-MALL/todo/app/controllers/server.go:17 +0x2ce
todo/app/controllers.login(0x7ff74ed21a60, 0xc000644000, 0xc0001ae000)
	C:/github.com/AEON-MALL/todo/app/controllers/route_auth.go:38 +0x113
net/http.HandlerFunc.ServeHTTP(0x7ff74ecc6d98, 0x7ff74ed21a60, 0xc000644000, 0xc0001ae000)
	c:/go/src/net/http/server.go:2069 +0x4b
net/http.(*ServeMux).ServeHTTP(0x7ff74eee4480, 0x7ff74ed21a60, 0xc000644000, 0xc0001ae000)
	c:/go/src/net/http/server.go:2448 +0x1b7
net/http.serverHandler.ServeHTTP(0xc00015c000, 0x7ff74ed21a60, 0xc000644000, 0xc0001ae000)
	c:/go/src/net/http/server.go:2887 +0xaa
net/http.(*conn).serve(0xc000068000, 0x7ff74ed22100, 0xc000024640)
	c:/go/src/net/http/server.go:1952 +0x8cd
created by net/http.(*Server).Serve
	c:/go/src/net/http/server.go:3013 +0x3b8
2022/03/13 22:41:39 server.go:3139: http: panic serving [::1]:64010: template: login.html:1: function "degine" not defined
goroutine 148 [running]:
net/http.(*conn).serve.func1(0xc0002980a0)
	c:/go/src/net/http/server.go:1824 +0x153
panic(0x7ff74ec48400, 0xc0003f68f0)
	c:/go/src/runtime/panic.go:971 +0x49a
text/template.Must(...)
	c:/go/src/text/template/helper.go:25
todo/app/controllers.generateHTML(0x7ff74ed21a60, 0xc0002cc2a0, 0x0, 0x0, 0xc0004d5aa8, 0x3, 0x3)
	C:/github.com/AEON-MALL/todo/app/controllers/server.go:17 +0x2ce
todo/app/controllers.login(0x7ff74ed21a60, 0xc0002cc2a0, 0xc00053c200)
	C:/github.com/AEON-MALL/todo/app/controllers/route_auth.go:38 +0x113
net/http.HandlerFunc.ServeHTTP(0x7ff74ecc6d98, 0x7ff74ed21a60, 0xc0002cc2a0, 0xc00053c200)
	c:/go/src/net/http/server.go:2069 +0x4b
net/http.(*ServeMux).ServeHTTP(0x7ff74eee4480, 0x7ff74ed21a60, 0xc0002cc2a0, 0xc00053c200)
	c:/go/src/net/http/server.go:2448 +0x1b7
net/http.serverHandler.ServeHTTP(0xc00015c000, 0x7ff74ed21a60, 0xc0002cc2a0, 0xc00053c200)
	c:/go/src/net/http/server.go:2887 +0xaa
net/http.(*conn).serve(0xc0002980a0, 0x7ff74ed22100, 0xc00019a080)
	c:/go/src/net/http/server.go:1952 +0x8cd
created by net/http.(*Server).Serve
	c:/go/src/net/http/server.go:3013 +0x3b8
2022/03/13 22:41:39 server.go:3139: http: panic serving [::1]:64009: template: login.html:1: function "degine" not defined
goroutine 147 [running]:
net/http.(*conn).serve.func1(0xc000298000)
	c:/go/src/net/http/server.go:1824 +0x153
panic(0x7ff74ec48400, 0xc0003ecad0)
	c:/go/src/runtime/panic.go:971 +0x49a
text/template.Must(...)
	c:/go/src/text/template/helper.go:25
todo/app/controllers.generateHTML(0x7ff74ed21a60, 0xc0002cc380, 0x0, 0x0, 0xc0004d9aa8, 0x3, 0x3)
	C:/github.com/AEON-MALL/todo/app/controllers/server.go:17 +0x2ce
todo/app/controllers.login(0x7ff74ed21a60, 0xc0002cc380, 0xc0005ca200)
	C:/github.com/AEON-MALL/todo/app/controllers/route_auth.go:38 +0x113
net/http.HandlerFunc.ServeHTTP(0x7ff74ecc6d98, 0x7ff74ed21a60, 0xc0002cc380, 0xc0005ca200)
	c:/go/src/net/http/server.go:2069 +0x4b
net/http.(*ServeMux).ServeHTTP(0x7ff74eee4480, 0x7ff74ed21a60, 0xc0002cc380, 0xc0005ca200)
	c:/go/src/net/http/server.go:2448 +0x1b7
net/http.serverHandler.ServeHTTP(0xc00015c000, 0x7ff74ed21a60, 0xc0002cc380, 0xc0005ca200)
	c:/go/src/net/http/server.go:2887 +0xaa
net/http.(*conn).serve(0xc000298000, 0x7ff74ed22100, 0xc00019a000)
	c:/go/src/net/http/server.go:1952 +0x8cd
created by net/http.(*Server).Serve
	c:/go/src/net/http/server.go:3013 +0x3b8
2022/03/13 22:41:39 server.go:3139: http: panic serving [::1]:64016: template: login.html:1: function "degine" not defined
goroutine 412 [running]:
net/http.(*conn).serve.func1(0xc0005b4140)
	c:/go/src/net/http/server.go:1824 +0x153
panic(0x7ff74ec48400, 0xc0003ecdf0)
	c:/go/src/runtime/panic.go:971 +0x49a
text/template.Must(...)
	c:/go/src/text/template/helper.go:25
todo/app/controllers.generateHTML(0x7ff74ed21a60, 0xc00015c380, 0x0, 0x0, 0xc000507aa8, 0x3, 0x3)
	C:/github.com/AEON-MALL/todo/app/controllers/server.go:17 +0x2ce
todo/app/controllers.login(0x7ff74ed21a60, 0xc00015c380, 0xc00036a500)
	C:/github.com/AEON-MALL/todo/app/controllers/route_auth.go:38 +0x113
net/http.HandlerFunc.ServeHTTP(0x7ff74ecc6d98, 0x7ff74ed21a60, 0xc00015c380, 0xc00036a500)
	c:/go/src/net/http/server.go:2069 +0x4b
net/http.(*ServeMux).ServeHTTP(0x7ff74eee4480, 0x7ff74ed21a60, 0xc00015c380, 0xc00036a500)
	c:/go/src/net/http/server.go:2448 +0x1b7
net/http.serverHandler.ServeHTTP(0xc00015c000, 0x7ff74ed21a60, 0xc00015c380, 0xc00036a500)
	c:/go/src/net/http/server.go:2887 +0xaa
net/http.(*conn).serve(0xc0005b4140, 0x7ff74ed22100, 0xc00019ab80)
	c:/go/src/net/http/server.go:1952 +0x8cd
created by net/http.(*Server).Serve
	c:/go/src/net/http/server.go:3013 +0x3b8
2022/03/13 22:41:40 server.go:3139: http: panic serving [::1]:64018: template: login.html:1: function "degine" not defined
goroutine 418 [running]:
net/http.(*conn).serve.func1(0xc0005b4280)
	c:/go/src/net/http/server.go:1824 +0x153
panic(0x7ff74ec48400, 0xc0003ed140)
	c:/go/src/runtime/panic.go:971 +0x49a
text/template.Must(...)
	c:/go/src/text/template/helper.go:25
todo/app/controllers.generateHTML(0x7ff74ed21a60, 0xc00015c460, 0x0, 0x0, 0xc0004efaa8, 0x3, 0x3)
	C:/github.com/AEON-MALL/todo/app/controllers/server.go:17 +0x2ce
todo/app/controllers.login(0x7ff74ed21a60, 0xc00015c460, 0xc00036a900)
	C:/github.com/AEON-MALL/todo/app/controllers/route_auth.go:38 +0x113
net/http.HandlerFunc.ServeHTTP(0x7ff74ecc6d98, 0x7ff74ed21a60, 0xc00015c460, 0xc00036a900)
	c:/go/src/net/http/server.go:2069 +0x4b
net/http.(*ServeMux).ServeHTTP(0x7ff74eee4480, 0x7ff74ed21a60, 0xc00015c460, 0xc00036a900)
	c:/go/src/net/http/server.go:2448 +0x1b7
net/http.serverHandler.ServeHTTP(0xc00015c000, 0x7ff74ed21a60, 0xc00015c460, 0xc00036a900)
	c:/go/src/net/http/server.go:2887 +0xaa
net/http.(*conn).serve(0xc0005b4280, 0x7ff74ed22100, 0xc00019ac80)
	c:/go/src/net/http/server.go:1952 +0x8cd
created by net/http.(*Server).Serve
	c:/go/src/net/http/server.go:3013 +0x3b8
2022/03/13 22:41:40 server.go:3139: http: panic serving [::1]:64017: template: login.html:1: function "degine" not defined
goroutine 417 [running]:
net/http.(*conn).serve.func1(0xc0005b41e0)
	c:/go/src/net/http/server.go:1824 +0x153
panic(0x7ff74ec48400, 0xc0003f6e30)
	c:/go/src/runtime/panic.go:971 +0x49a
text/template.Must(...)
	c:/go/src/text/template/helper.go:25
todo/app/controllers.generateHTML(0x7ff74ed21a60, 0xc0002cc460, 0x0, 0x0, 0xc000607aa8, 0x3, 0x3)
	C:/github.com/AEON-MALL/todo/app/controllers/server.go:17 +0x2ce
todo/app/controllers.login(0x7ff74ed21a60, 0xc0002cc460, 0xc00036a800)
	C:/github.com/AEON-MALL/todo/app/controllers/route_auth.go:38 +0x113
net/http.HandlerFunc.ServeHTTP(0x7ff74ecc6d98, 0x7ff74ed21a60, 0xc0002cc460, 0xc00036a800)
	c:/go/src/net/http/server.go:2069 +0x4b
net/http.(*ServeMux).ServeHTTP(0x7ff74eee4480, 0x7ff74ed21a60, 0xc0002cc460, 0xc00036a800)
	c:/go/src/net/http/server.go:2448 +0x1b7
net/http.serverHandler.ServeHTTP(0xc00015c000, 0x7ff74ed21a60, 0xc0002cc460, 0xc00036a800)
	c:/go/src/net/http/server.go:2887 +0xaa
net/http.(*conn).serve(0xc0005b41e0, 0x7ff74ed22100, 0xc00019ac00)
	c:/go/src/net/http/server.go:1952 +0x8cd
created by net/http.(*Server).Serve
	c:/go/src/net/http/server.go:3013 +0x3b8
2022/03/13 22:41:40 server.go:3139: http: panic serving [::1]:64019: template: login.html:1: function "degine" not defined
goroutine 423 [running]:
net/http.(*conn).serve.func1(0xc0005b4320)
	c:/go/src/net/http/server.go:1824 +0x153
panic(0x7ff74ec48400, 0xc0003f71d0)
	c:/go/src/runtime/panic.go:971 +0x49a
text/template.Must(...)
	c:/go/src/text/template/helper.go:25
todo/app/controllers.generateHTML(0x7ff74ed21a60, 0xc0002cc540, 0x0, 0x0, 0xc0000b5aa8, 0x3, 0x3)
	C:/github.com/AEON-MALL/todo/app/controllers/server.go:17 +0x2ce
todo/app/controllers.login(0x7ff74ed21a60, 0xc0002cc540, 0xc00036aa00)
	C:/github.com/AEON-MALL/todo/app/controllers/route_auth.go:38 +0x113
net/http.HandlerFunc.ServeHTTP(0x7ff74ecc6d98, 0x7ff74ed21a60, 0xc0002cc540, 0xc00036aa00)
	c:/go/src/net/http/server.go:2069 +0x4b
net/http.(*ServeMux).ServeHTTP(0x7ff74eee4480, 0x7ff74ed21a60, 0xc0002cc540, 0xc00036aa00)
	c:/go/src/net/http/server.go:2448 +0x1b7
net/http.serverHandler.ServeHTTP(0xc00015c000, 0x7ff74ed21a60, 0xc0002cc540, 0xc00036aa00)
	c:/go/src/net/http/server.go:2887 +0xaa
net/http.(*conn).serve(0xc0005b4320, 0x7ff74ed22100, 0xc00019b040)
	c:/go/src/net/http/server.go:1952 +0x8cd
created by net/http.(*Server).Serve
	c:/go/src/net/http/server.go:3013 +0x3b8
2022/03/13 22:41:45 server.go:3139: http: panic serving [::1]:64021: template: login.html:1: function "degine" not defined
goroutine 424 [running]:
net/http.(*conn).serve.func1(0xc0005b43c0)
	c:/go/src/net/http/server.go:1824 +0x153
panic(0x7ff74ec48400, 0xc0003f7590)
	c:/go/src/runtime/panic.go:971 +0x49a
text/template.Must(...)
	c:/go/src/text/template/helper.go:25
todo/app/controllers.generateHTML(0x7ff74ed21a60, 0xc0002cc620, 0x0, 0x0, 0xc0004edaa8, 0x3, 0x3)
	C:/github.com/AEON-MALL/todo/app/controllers/server.go:17 +0x2ce
todo/app/controllers.login(0x7ff74ed21a60, 0xc0002cc620, 0xc00036ab00)
	C:/github.com/AEON-MALL/todo/app/controllers/route_auth.go:38 +0x113
net/http.HandlerFunc.ServeHTTP(0x7ff74ecc6d98, 0x7ff74ed21a60, 0xc0002cc620, 0xc00036ab00)
	c:/go/src/net/http/server.go:2069 +0x4b
net/http.(*ServeMux).ServeHTTP(0x7ff74eee4480, 0x7ff74ed21a60, 0xc0002cc620, 0xc00036ab00)
	c:/go/src/net/http/server.go:2448 +0x1b7
net/http.serverHandler.ServeHTTP(0xc00015c000, 0x7ff74ed21a60, 0xc0002cc620, 0xc00036ab00)
	c:/go/src/net/http/server.go:2887 +0xaa
net/http.(*conn).serve(0xc0005b43c0, 0x7ff74ed22100, 0xc00019b3c0)
	c:/go/src/net/http/server.go:1952 +0x8cd
created by net/http.(*Server).Serve
	c:/go/src/net/http/server.go:3013 +0x3b8
2022/03/13 22:41:45 server.go:3139: http: panic serving [::1]:64022: template: login.html:1: function "degine" not defined
goroutine 425 [running]:
net/http.(*conn).serve.func1(0xc0005b4460)
	c:/go/src/net/http/server.go:1824 +0x153
panic(0x7ff74ec48400, 0xc0003f79f0)
	c:/go/src/runtime/panic.go:971 +0x49a
text/template.Must(...)
	c:/go/src/text/template/helper.go:25
todo/app/controllers.generateHTML(0x7ff74ed21a60, 0xc0002cc700, 0x0, 0x0, 0xc0004efaa8, 0x3, 0x3)
	C:/github.com/AEON-MALL/todo/app/controllers/server.go:17 +0x2ce
todo/app/controllers.login(0x7ff74ed21a60, 0xc0002cc700, 0xc0005ca300)
	C:/github.com/AEON-MALL/todo/app/controllers/route_auth.go:38 +0x113
net/http.HandlerFunc.ServeHTTP(0x7ff74ecc6d98, 0x7ff74ed21a60, 0xc0002cc700, 0xc0005ca300)
	c:/go/src/net/http/server.go:2069 +0x4b
net/http.(*ServeMux).ServeHTTP(0x7ff74eee4480, 0x7ff74ed21a60, 0xc0002cc700, 0xc0005ca300)
	c:/go/src/net/http/server.go:2448 +0x1b7
net/http.serverHandler.ServeHTTP(0xc00015c000, 0x7ff74ed21a60, 0xc0002cc700, 0xc0005ca300)
	c:/go/src/net/http/server.go:2887 +0xaa
net/http.(*conn).serve(0xc0005b4460, 0x7ff74ed22100, 0xc000170f00)
	c:/go/src/net/http/server.go:1952 +0x8cd
created by net/http.(*Server).Serve
	c:/go/src/net/http/server.go:3013 +0x3b8
2022/03/13 22:41:45 server.go:3139: http: panic serving [::1]:64023: template: login.html:1: function "degine" not defined
goroutine 426 [running]:
net/http.(*conn).serve.func1(0xc0005b4500)
	c:/go/src/net/http/server.go:1824 +0x153
panic(0x7ff74ec48400, 0xc0004228e0)
	c:/go/src/runtime/panic.go:971 +0x49a
text/template.Must(...)
	c:/go/src/text/template/helper.go:25
todo/app/controllers.generateHTML(0x7ff74ed21a60, 0xc00053a0e0, 0x0, 0x0, 0xc000607aa8, 0x3, 0x3)
	C:/github.com/AEON-MALL/todo/app/controllers/server.go:17 +0x2ce
todo/app/controllers.login(0x7ff74ed21a60, 0xc00053a0e0, 0xc00036ac00)
	C:/github.com/AEON-MALL/todo/app/controllers/route_auth.go:38 +0x113
net/http.HandlerFunc.ServeHTTP(0x7ff74ecc6d98, 0x7ff74ed21a60, 0xc00053a0e0, 0xc00036ac00)
	c:/go/src/net/http/server.go:2069 +0x4b
net/http.(*ServeMux).ServeHTTP(0x7ff74eee4480, 0x7ff74ed21a60, 0xc00053a0e0, 0xc00036ac00)
	c:/go/src/net/http/server.go:2448 +0x1b7
net/http.serverHandler.ServeHTTP(0xc00015c000, 0x7ff74ed21a60, 0xc00053a0e0, 0xc00036ac00)
	c:/go/src/net/http/server.go:2887 +0xaa
net/http.(*conn).serve(0xc0005b4500, 0x7ff74ed22100, 0xc00019ba40)
	c:/go/src/net/http/server.go:1952 +0x8cd
created by net/http.(*Server).Serve
	c:/go/src/net/http/server.go:3013 +0x3b8
2022/03/13 22:42:12 server.go:3139: http: panic serving [::1]:64032: template: login.html:1: function "degine" not defined
goroutine 449 [running]:
net/http.(*conn).serve.func1(0xc000298320)
	c:/go/src/net/http/server.go:1824 +0x153
panic(0x7ff74ec48400, 0xc000422a40)
	c:/go/src/runtime/panic.go:971 +0x49a
text/template.Must(...)
	c:/go/src/text/template/helper.go:25
todo/app/controllers.generateHTML(0x7ff74ed21a60, 0xc00053a1c0, 0x0, 0x0, 0xc000603aa8, 0x3, 0x3)
	C:/github.com/AEON-MALL/todo/app/controllers/server.go:17 +0x2ce
todo/app/controllers.login(0x7ff74ed21a60, 0xc00053a1c0, 0xc00036ae00)
	C:/github.com/AEON-MALL/todo/app/controllers/route_auth.go:38 +0x113
net/http.HandlerFunc.ServeHTTP(0x7ff74ecc6d98, 0x7ff74ed21a60, 0xc00053a1c0, 0xc00036ae00)
	c:/go/src/net/http/server.go:2069 +0x4b
net/http.(*ServeMux).ServeHTTP(0x7ff74eee4480, 0x7ff74ed21a60, 0xc00053a1c0, 0xc00036ae00)
	c:/go/src/net/http/server.go:2448 +0x1b7
net/http.serverHandler.ServeHTTP(0xc00015c000, 0x7ff74ed21a60, 0xc00053a1c0, 0xc00036ae00)
	c:/go/src/net/http/server.go:2887 +0xaa
net/http.(*conn).serve(0xc000298320, 0x7ff74ed22100, 0xc00019bb40)
	c:/go/src/net/http/server.go:1952 +0x8cd
created by net/http.(*Server).Serve
	c:/go/src/net/http/server.go:3013 +0x3b8
2022/03/13 22:42:12 server.go:3139: http: panic serving [::1]:64031: template: login.html:1: function "degine" not defined
goroutine 448 [running]:
net/http.(*conn).serve.func1(0xc000298280)
	c:/go/src/net/http/server.go:1824 +0x153
panic(0x7ff74ec48400, 0xc0003ed4d0)
	c:/go/src/runtime/panic.go:971 +0x49a
text/template.Must(...)
	c:/go/src/text/template/helper.go:25
todo/app/controllers.generateHTML(0x7ff74ed21a60, 0xc00015c540, 0x0, 0x0, 0xc0004efaa8, 0x3, 0x3)
	C:/github.com/AEON-MALL/todo/app/controllers/server.go:17 +0x2ce
todo/app/controllers.login(0x7ff74ed21a60, 0xc00015c540, 0xc00036ad00)
	C:/github.com/AEON-MALL/todo/app/controllers/route_auth.go:38 +0x113
net/http.HandlerFunc.ServeHTTP(0x7ff74ecc6d98, 0x7ff74ed21a60, 0xc00015c540, 0xc00036ad00)
	c:/go/src/net/http/server.go:2069 +0x4b
net/http.(*ServeMux).ServeHTTP(0x7ff74eee4480, 0x7ff74ed21a60, 0xc00015c540, 0xc00036ad00)
	c:/go/src/net/http/server.go:2448 +0x1b7
net/http.serverHandler.ServeHTTP(0xc00015c000, 0x7ff74ed21a60, 0xc00015c540, 0xc00036ad00)
	c:/go/src/net/http/server.go:2887 +0xaa
net/http.(*conn).serve(0xc000298280, 0x7ff74ed22100, 0xc00019bac0)
	c:/go/src/net/http/server.go:1952 +0x8cd
created by net/http.(*Server).Serve
	c:/go/src/net/http/server.go:3013 +0x3b8
2022/03/13 22:42:12 server.go:3139: http: panic serving [::1]:64033: template: login.html:1: function "degine" not defined
goroutine 450 [running]:
net/http.(*conn).serve.func1(0xc0002983c0)
	c:/go/src/net/http/server.go:1824 +0x153
panic(0x7ff74ec48400, 0xc0003ed8a0)
	c:/go/src/runtime/panic.go:971 +0x49a
text/template.Must(...)
	c:/go/src/text/template/helper.go:25
todo/app/controllers.generateHTML(0x7ff74ed21a60, 0xc00015c620, 0x0, 0x0, 0xc0004c5aa8, 0x3, 0x3)
	C:/github.com/AEON-MALL/todo/app/controllers/server.go:17 +0x2ce
todo/app/controllers.login(0x7ff74ed21a60, 0xc00015c620, 0xc0005ca400)
	C:/github.com/AEON-MALL/todo/app/controllers/route_auth.go:38 +0x113
net/http.HandlerFunc.ServeHTTP(0x7ff74ecc6d98, 0x7ff74ed21a60, 0xc00015c620, 0xc0005ca400)
	c:/go/src/net/http/server.go:2069 +0x4b
net/http.(*ServeMux).ServeHTTP(0x7ff74eee4480, 0x7ff74ed21a60, 0xc00015c620, 0xc0005ca400)
	c:/go/src/net/http/server.go:2448 +0x1b7
net/http.serverHandler.ServeHTTP(0xc00015c000, 0x7ff74ed21a60, 0xc00015c620, 0xc0005ca400)
	c:/go/src/net/http/server.go:2887 +0xaa
net/http.(*conn).serve(0xc0002983c0, 0x7ff74ed22100, 0xc000171280)
	c:/go/src/net/http/server.go:1952 +0x8cd
created by net/http.(*Server).Serve
	c:/go/src/net/http/server.go:3013 +0x3b8
2022/03/13 22:42:42 server.go:3139: http: panic serving [::1]:64039: template: login.html:1: function "degine" not defined
goroutine 368 [running]:
net/http.(*conn).serve.func1(0xc0005320a0)
	c:/go/src/net/http/server.go:1824 +0x153
panic(0x7ff74ec48400, 0xc0003eda40)
	c:/go/src/runtime/panic.go:971 +0x49a
text/template.Must(...)
	c:/go/src/text/template/helper.go:25
todo/app/controllers.generateHTML(0x7ff74ed21a60, 0xc0002cc7e0, 0x0, 0x0, 0xc000603aa8, 0x3, 0x3)
	C:/github.com/AEON-MALL/todo/app/controllers/server.go:17 +0x2ce
todo/app/controllers.login(0x7ff74ed21a60, 0xc0002cc7e0, 0xc00053c300)
	C:/github.com/AEON-MALL/todo/app/controllers/route_auth.go:38 +0x113
net/http.HandlerFunc.ServeHTTP(0x7ff74ecc6d98, 0x7ff74ed21a60, 0xc0002cc7e0, 0xc00053c300)
	c:/go/src/net/http/server.go:2069 +0x4b
net/http.(*ServeMux).ServeHTTP(0x7ff74eee4480, 0x7ff74ed21a60, 0xc0002cc7e0, 0xc00053c300)
	c:/go/src/net/http/server.go:2448 +0x1b7
net/http.serverHandler.ServeHTTP(0xc00015c000, 0x7ff74ed21a60, 0xc0002cc7e0, 0xc00053c300)
	c:/go/src/net/http/server.go:2887 +0xaa
net/http.(*conn).serve(0xc0005320a0, 0x7ff74ed22100, 0xc00029ca40)
	c:/go/src/net/http/server.go:1952 +0x8cd
created by net/http.(*Server).Serve
	c:/go/src/net/http/server.go:3013 +0x3b8
2022/03/13 22:42:42 server.go:3139: http: panic serving [::1]:64040: template: login.html:1: function "degine" not defined
goroutine 451 [running]:
net/http.(*conn).serve.func1(0xc000298460)
	c:/go/src/net/http/server.go:1824 +0x153
panic(0x7ff74ec48400, 0xc000422b10)
	c:/go/src/runtime/panic.go:971 +0x49a
text/template.Must(...)
	c:/go/src/text/template/helper.go:25
todo/app/controllers.generateHTML(0x7ff74ed21a60, 0xc00015c700, 0x0, 0x0, 0xc0002f3aa8, 0x3, 0x3)
	C:/github.com/AEON-MALL/todo/app/controllers/server.go:17 +0x2ce
todo/app/controllers.login(0x7ff74ed21a60, 0xc00015c700, 0xc00053c400)
	C:/github.com/AEON-MALL/todo/app/controllers/route_auth.go:38 +0x113
net/http.HandlerFunc.ServeHTTP(0x7ff74ecc6d98, 0x7ff74ed21a60, 0xc00015c700, 0xc00053c400)
	c:/go/src/net/http/server.go:2069 +0x4b
net/http.(*ServeMux).ServeHTTP(0x7ff74eee4480, 0x7ff74ed21a60, 0xc00015c700, 0xc00053c400)
	c:/go/src/net/http/server.go:2448 +0x1b7
net/http.serverHandler.ServeHTTP(0xc00015c000, 0x7ff74ed21a60, 0xc00015c700, 0xc00053c400)
	c:/go/src/net/http/server.go:2887 +0xaa
net/http.(*conn).serve(0xc000298460, 0x7ff74ed22100, 0xc00029cac0)
	c:/go/src/net/http/server.go:1952 +0x8cd
created by net/http.(*Server).Serve
	c:/go/src/net/http/server.go:3013 +0x3b8
2022/03/13 22:42:42 server.go:3139: http: panic serving [::1]:64041: template: login.html:1: function "degine" not defined
goroutine 483 [running]:
net/http.(*conn).serve.func1(0xc000532140)
	c:/go/src/net/http/server.go:1824 +0x153
panic(0x7ff74ec48400, 0xc000422c60)
	c:/go/src/runtime/panic.go:971 +0x49a
text/template.Must(...)
	c:/go/src/text/template/helper.go:25
todo/app/controllers.generateHTML(0x7ff74ed21a60, 0xc00053a2a0, 0x0, 0x0, 0xc0004efaa8, 0x3, 0x3)
	C:/github.com/AEON-MALL/todo/app/controllers/server.go:17 +0x2ce
todo/app/controllers.login(0x7ff74ed21a60, 0xc00053a2a0, 0xc0005ca500)
	C:/github.com/AEON-MALL/todo/app/controllers/route_auth.go:38 +0x113
net/http.HandlerFunc.ServeHTTP(0x7ff74ecc6d98, 0x7ff74ed21a60, 0xc00053a2a0, 0xc0005ca500)
	c:/go/src/net/http/server.go:2069 +0x4b
net/http.(*ServeMux).ServeHTTP(0x7ff74eee4480, 0x7ff74ed21a60, 0xc00053a2a0, 0xc0005ca500)
	c:/go/src/net/http/server.go:2448 +0x1b7
net/http.serverHandler.ServeHTTP(0xc00015c000, 0x7ff74ed21a60, 0xc00053a2a0, 0xc0005ca500)
	c:/go/src/net/http/server.go:2887 +0xaa
net/http.(*conn).serve(0xc000532140, 0x7ff74ed22100, 0xc000171840)
	c:/go/src/net/http/server.go:1952 +0x8cd
created by net/http.(*Server).Serve
	c:/go/src/net/http/server.go:3013 +0x3b8
2022/03/13 22:43:29 logging.go:18: test
2022/03/13 22:43:30 server.go:3139: http: panic serving 127.0.0.1:64050: template: login.html:1: function "degine" not defined
goroutine 18 [running]:
net/http.(*conn).serve.func1(0xc0000b0000)
	c:/go/src/net/http/server.go:1824 +0x153
panic(0x7ff65f1d8400, 0xc0000a2120)
	c:/go/src/runtime/panic.go:971 +0x49a
text/template.Must(...)
	c:/go/src/text/template/helper.go:25
todo/app/controllers.generateHTML(0x7ff65f2b1a60, 0xc00015c0e0, 0x0, 0x0, 0xc000067aa8, 0x3, 0x3)
	C:/github.com/AEON-MALL/todo/app/controllers/server.go:17 +0x2ce
todo/app/controllers.login(0x7ff65f2b1a60, 0xc00015c0e0, 0xc000144200)
	C:/github.com/AEON-MALL/todo/app/controllers/route_auth.go:38 +0xb5
net/http.HandlerFunc.ServeHTTP(0x7ff65f256d98, 0x7ff65f2b1a60, 0xc00015c0e0, 0xc000144200)
	c:/go/src/net/http/server.go:2069 +0x4b
net/http.(*ServeMux).ServeHTTP(0x7ff65f474480, 0x7ff65f2b1a60, 0xc00015c0e0, 0xc000144200)
	c:/go/src/net/http/server.go:2448 +0x1b7
net/http.serverHandler.ServeHTTP(0xc00015c000, 0x7ff65f2b1a60, 0xc00015c0e0, 0xc000144200)
	c:/go/src/net/http/server.go:2887 +0xaa
net/http.(*conn).serve(0xc0000b0000, 0x7ff65f2b2100, 0xc000024500)
	c:/go/src/net/http/server.go:1952 +0x8cd
created by net/http.(*Server).Serve
	c:/go/src/net/http/server.go:3013 +0x3b8
2022/03/13 22:43:31 server.go:3139: http: panic serving 127.0.0.1:64051: template: login.html:1: function "degine" not defined
goroutine 19 [running]:
net/http.(*conn).serve.func1(0xc0000b00a0)
	c:/go/src/net/http/server.go:1824 +0x153
panic(0x7ff65f1d8400, 0xc0000a2270)
	c:/go/src/runtime/panic.go:971 +0x49a
text/template.Must(...)
	c:/go/src/text/template/helper.go:25
todo/app/controllers.generateHTML(0x7ff65f2b1a60, 0xc0000f0000, 0x0, 0x0, 0xc00004daa8, 0x3, 0x3)
	C:/github.com/AEON-MALL/todo/app/controllers/server.go:17 +0x2ce
todo/app/controllers.login(0x7ff65f2b1a60, 0xc0000f0000, 0xc0000b6000)
	C:/github.com/AEON-MALL/todo/app/controllers/route_auth.go:38 +0xb5
net/http.HandlerFunc.ServeHTTP(0x7ff65f256d98, 0x7ff65f2b1a60, 0xc0000f0000, 0xc0000b6000)
	c:/go/src/net/http/server.go:2069 +0x4b
net/http.(*ServeMux).ServeHTTP(0x7ff65f474480, 0x7ff65f2b1a60, 0xc0000f0000, 0xc0000b6000)
	c:/go/src/net/http/server.go:2448 +0x1b7
net/http.serverHandler.ServeHTTP(0xc00015c000, 0x7ff65f2b1a60, 0xc0000f0000, 0xc0000b6000)
	c:/go/src/net/http/server.go:2887 +0xaa
net/http.(*conn).serve(0xc0000b00a0, 0x7ff65f2b2100, 0xc0000a6040)
	c:/go/src/net/http/server.go:1952 +0x8cd
created by net/http.(*Server).Serve
	c:/go/src/net/http/server.go:3013 +0x3b8
2022/03/13 22:43:31 server.go:3139: http: panic serving 127.0.0.1:64049: template: login.html:1: function "degine" not defined
goroutine 34 [running]:
net/http.(*conn).serve.func1(0xc00018c000)
	c:/go/src/net/http/server.go:1824 +0x153
panic(0x7ff65f1d8400, 0xc0000a23b0)
	c:/go/src/runtime/panic.go:971 +0x49a
text/template.Must(...)
	c:/go/src/text/template/helper.go:25
todo/app/controllers.generateHTML(0x7ff65f2b1a60, 0xc0000f00e0, 0x0, 0x0, 0xc00004baa8, 0x3, 0x3)
	C:/github.com/AEON-MALL/todo/app/controllers/server.go:17 +0x2ce
todo/app/controllers.login(0x7ff65f2b1a60, 0xc0000f00e0, 0xc000144300)
	C:/github.com/AEON-MALL/todo/app/controllers/route_auth.go:38 +0xb5
net/http.HandlerFunc.ServeHTTP(0x7ff65f256d98, 0x7ff65f2b1a60, 0xc0000f00e0, 0xc000144300)
	c:/go/src/net/http/server.go:2069 +0x4b
net/http.(*ServeMux).ServeHTTP(0x7ff65f474480, 0x7ff65f2b1a60, 0xc0000f00e0, 0xc000144300)
	c:/go/src/net/http/server.go:2448 +0x1b7
net/http.serverHandler.ServeHTTP(0xc00015c000, 0x7ff65f2b1a60, 0xc0000f00e0, 0xc000144300)
	c:/go/src/net/http/server.go:2887 +0xaa
net/http.(*conn).serve(0xc00018c000, 0x7ff65f2b2100, 0xc000024740)
	c:/go/src/net/http/server.go:1952 +0x8cd
created by net/http.(*Server).Serve
	c:/go/src/net/http/server.go:3013 +0x3b8
2022/03/13 22:43:31 server.go:3139: http: panic serving [::1]:64058: template: login.html:1: function "degine" not defined
goroutine 9 [running]:
net/http.(*conn).serve.func1(0xc000068f00)
	c:/go/src/net/http/server.go:1824 +0x153
panic(0x7ff65f1d8400, 0xc000047060)
	c:/go/src/runtime/panic.go:971 +0x49a
text/template.Must(...)
	c:/go/src/text/template/helper.go:25
todo/app/controllers.generateHTML(0x7ff65f2b1a60, 0xc00015c1c0, 0x0, 0x0, 0xc0000f3aa8, 0x3, 0x3)
	C:/github.com/AEON-MALL/todo/app/controllers/server.go:17 +0x2ce
todo/app/controllers.login(0x7ff65f2b1a60, 0xc00015c1c0, 0xc0000b6200)
	C:/github.com/AEON-MALL/todo/app/controllers/route_auth.go:38 +0xb5
net/http.HandlerFunc.ServeHTTP(0x7ff65f256d98, 0x7ff65f2b1a60, 0xc00015c1c0, 0xc0000b6200)
	c:/go/src/net/http/server.go:2069 +0x4b
net/http.(*ServeMux).ServeHTTP(0x7ff65f474480, 0x7ff65f2b1a60, 0xc00015c1c0, 0xc0000b6200)
	c:/go/src/net/http/server.go:2448 +0x1b7
net/http.serverHandler.ServeHTTP(0xc00015c000, 0x7ff65f2b1a60, 0xc00015c1c0, 0xc0000b6200)
	c:/go/src/net/http/server.go:2887 +0xaa
net/http.(*conn).serve(0xc000068f00, 0x7ff65f2b2100, 0xc0000a6840)
	c:/go/src/net/http/server.go:1952 +0x8cd
created by net/http.(*Server).Serve
	c:/go/src/net/http/server.go:3013 +0x3b8
2022/03/13 22:43:36 server.go:3139: http: panic serving [::1]:64059: template: login.html:1: function "degine" not defined
goroutine 14 [running]:
net/http.(*conn).serve.func1(0xc000068fa0)
	c:/go/src/net/http/server.go:1824 +0x153
panic(0x7ff65f1d8400, 0xc0000a2510)
	c:/go/src/runtime/panic.go:971 +0x49a
text/template.Must(...)
	c:/go/src/text/template/helper.go:25
todo/app/controllers.generateHTML(0x7ff65f2b1a60, 0xc0000f01c0, 0x0, 0x0, 0xc0000f3aa8, 0x3, 0x3)
	C:/github.com/AEON-MALL/todo/app/controllers/server.go:17 +0x2ce
todo/app/controllers.login(0x7ff65f2b1a60, 0xc0000f01c0, 0xc000144400)
	C:/github.com/AEON-MALL/todo/app/controllers/route_auth.go:38 +0xb5
net/http.HandlerFunc.ServeHTTP(0x7ff65f256d98, 0x7ff65f2b1a60, 0xc0000f01c0, 0xc000144400)
	c:/go/src/net/http/server.go:2069 +0x4b
net/http.(*ServeMux).ServeHTTP(0x7ff65f474480, 0x7ff65f2b1a60, 0xc0000f01c0, 0xc000144400)
	c:/go/src/net/http/server.go:2448 +0x1b7
net/http.serverHandler.ServeHTTP(0xc00015c000, 0x7ff65f2b1a60, 0xc0000f01c0, 0xc000144400)
	c:/go/src/net/http/server.go:2887 +0xaa
net/http.(*conn).serve(0xc000068fa0, 0x7ff65f2b2100, 0xc000024b00)
	c:/go/src/net/http/server.go:1952 +0x8cd
created by net/http.(*Server).Serve
	c:/go/src/net/http/server.go:3013 +0x3b8
2022/03/13 22:43:36 server.go:3139: http: panic serving [::1]:64060: template: login.html:1: function "degine" not defined
goroutine 15 [running]:
net/http.(*conn).serve.func1(0xc000069040)
	c:/go/src/net/http/server.go:1824 +0x153
panic(0x7ff65f1d8400, 0xc0000a2590)
	c:/go/src/runtime/panic.go:971 +0x49a
text/template.Must(...)
	c:/go/src/text/template/helper.go:25
todo/app/controllers.generateHTML(0x7ff65f2b1a60, 0xc0001cc000, 0x0, 0x0, 0xc000173aa8, 0x3, 0x3)
	C:/github.com/AEON-MALL/todo/app/controllers/server.go:17 +0x2ce
todo/app/controllers.login(0x7ff65f2b1a60, 0xc0001cc000, 0xc000144500)
	C:/github.com/AEON-MALL/todo/app/controllers/route_auth.go:38 +0xb5
net/http.HandlerFunc.ServeHTTP(0x7ff65f256d98, 0x7ff65f2b1a60, 0xc0001cc000, 0xc000144500)
	c:/go/src/net/http/server.go:2069 +0x4b
net/http.(*ServeMux).ServeHTTP(0x7ff65f474480, 0x7ff65f2b1a60, 0xc0001cc000, 0xc000144500)
	c:/go/src/net/http/server.go:2448 +0x1b7
net/http.serverHandler.ServeHTTP(0xc00015c000, 0x7ff65f2b1a60, 0xc0001cc000, 0xc000144500)
	c:/go/src/net/http/server.go:2887 +0xaa
net/http.(*conn).serve(0xc000069040, 0x7ff65f2b2100, 0xc000024b80)
	c:/go/src/net/http/server.go:1952 +0x8cd
created by net/http.(*Server).Serve
	c:/go/src/net/http/server.go:3013 +0x3b8
2022/03/13 22:43:36 server.go:3139: http: panic serving [::1]:64061: template: login.html:1: function "degine" not defined
goroutine 38 [running]:
net/http.(*conn).serve.func1(0xc00018c0a0)
	c:/go/src/net/http/server.go:1824 +0x153
panic(0x7ff65f1d8400, 0xc0000a26e0)
	c:/go/src/runtime/panic.go:971 +0x49a
text/template.Must(...)
	c:/go/src/text/template/helper.go:25
todo/app/controllers.generateHTML(0x7ff65f2b1a60, 0xc0000f02a0, 0x0, 0x0, 0xc0000f9aa8, 0x3, 0x3)
	C:/github.com/AEON-MALL/todo/app/controllers/server.go:17 +0x2ce
todo/app/controllers.login(0x7ff65f2b1a60, 0xc0000f02a0, 0xc0000b6300)
	C:/github.com/AEON-MALL/todo/app/controllers/route_auth.go:38 +0xb5
net/http.HandlerFunc.ServeHTTP(0x7ff65f256d98, 0x7ff65f2b1a60, 0xc0000f02a0, 0xc0000b6300)
	c:/go/src/net/http/server.go:2069 +0x4b
net/http.(*ServeMux).ServeHTTP(0x7ff65f474480, 0x7ff65f2b1a60, 0xc0000f02a0, 0xc0000b6300)
	c:/go/src/net/http/server.go:2448 +0x1b7
net/http.serverHandler.ServeHTTP(0xc00015c000, 0x7ff65f2b1a60, 0xc0000f02a0, 0xc0000b6300)
	c:/go/src/net/http/server.go:2887 +0xaa
net/http.(*conn).serve(0xc00018c0a0, 0x7ff65f2b2100, 0xc0000a6c40)
	c:/go/src/net/http/server.go:1952 +0x8cd
created by net/http.(*Server).Serve
	c:/go/src/net/http/server.go:3013 +0x3b8
2022/03/13 22:43:37 server.go:3139: http: panic serving [::1]:64062: template: login.html:1: function "degine" not defined
goroutine 39 [running]:
net/http.(*conn).serve.func1(0xc00018c140)
	c:/go/src/net/http/server.go:1824 +0x153
panic(0x7ff65f1d8400, 0xc000196230)
	c:/go/src/runtime/panic.go:971 +0x49a
text/template.Must(...)
	c:/go/src/text/template/helper.go:25
todo/app/controllers.generateHTML(0x7ff65f2b1a60, 0xc0001cc0e0, 0x0, 0x0, 0xc00004daa8, 0x3, 0x3)
	C:/github.com/AEON-MALL/todo/app/controllers/server.go:17 +0x2ce
todo/app/controllers.login(0x7ff65f2b1a60, 0xc0001cc0e0, 0xc0001f8000)
	C:/github.com/AEON-MALL/todo/app/controllers/route_auth.go:38 +0xb5
net/http.HandlerFunc.ServeHTTP(0x7ff65f256d98, 0x7ff65f2b1a60, 0xc0001cc0e0, 0xc0001f8000)
	c:/go/src/net/http/server.go:2069 +0x4b
net/http.(*ServeMux).ServeHTTP(0x7ff65f474480, 0x7ff65f2b1a60, 0xc0001cc0e0, 0xc0001f8000)
	c:/go/src/net/http/server.go:2448 +0x1b7
net/http.serverHandler.ServeHTTP(0xc00015c000, 0x7ff65f2b1a60, 0xc0001cc0e0, 0xc0001f8000)
	c:/go/src/net/http/server.go:2887 +0xaa
net/http.(*conn).serve(0xc00018c140, 0x7ff65f2b2100, 0xc000190300)
	c:/go/src/net/http/server.go:1952 +0x8cd
created by net/http.(*Server).Serve
	c:/go/src/net/http/server.go:3013 +0x3b8
2022/03/13 22:43:37 server.go:3139: http: panic serving [::1]:64063: template: login.html:1: function "degine" not defined
goroutine 55 [running]:
net/http.(*conn).serve.func1(0xc0000b0140)
	c:/go/src/net/http/server.go:1824 +0x153
panic(0x7ff65f1d8400, 0xc000196380)
	c:/go/src/runtime/panic.go:971 +0x49a
text/template.Must(...)
	c:/go/src/text/template/helper.go:25
todo/app/controllers.generateHTML(0x7ff65f2b1a60, 0xc0001cc1c0, 0x0, 0x0, 0xc0000f9aa8, 0x3, 0x3)
	C:/github.com/AEON-MALL/todo/app/controllers/server.go:17 +0x2ce
todo/app/controllers.login(0x7ff65f2b1a60, 0xc0001cc1c0, 0xc0000b6400)
	C:/github.com/AEON-MALL/todo/app/controllers/route_auth.go:38 +0xb5
net/http.HandlerFunc.ServeHTTP(0x7ff65f256d98, 0x7ff65f2b1a60, 0xc0001cc1c0, 0xc0000b6400)
	c:/go/src/net/http/server.go:2069 +0x4b
net/http.(*ServeMux).ServeHTTP(0x7ff65f474480, 0x7ff65f2b1a60, 0xc0001cc1c0, 0xc0000b6400)
	c:/go/src/net/http/server.go:2448 +0x1b7
net/http.serverHandler.ServeHTTP(0xc00015c000, 0x7ff65f2b1a60, 0xc0001cc1c0, 0xc0000b6400)
	c:/go/src/net/http/server.go:2887 +0xaa
net/http.(*conn).serve(0xc0000b0140, 0x7ff65f2b2100, 0xc0000a6fc0)
	c:/go/src/net/http/server.go:1952 +0x8cd
created by net/http.(*Server).Serve
	c:/go/src/net/http/server.go:3013 +0x3b8
2022/03/13 22:43:37 server.go:3139: http: panic serving [::1]:64064: template: login.html:1: function "degine" not defined
goroutine 48 [running]:
net/http.(*conn).serve.func1(0xc00018c1e0)
	c:/go/src/net/http/server.go:1824 +0x153
panic(0x7ff65f1d8400, 0xc0001964e0)
	c:/go/src/runtime/panic.go:971 +0x49a
text/template.Must(...)
	c:/go/src/text/template/helper.go:25
todo/app/controllers.generateHTML(0x7ff65f2b1a60, 0xc0001cc2a0, 0x0, 0x0, 0xc000171aa8, 0x3, 0x3)
	C:/github.com/AEON-MALL/todo/app/controllers/server.go:17 +0x2ce
todo/app/controllers.login(0x7ff65f2b1a60, 0xc0001cc2a0, 0xc0001f8100)
	C:/github.com/AEON-MALL/todo/app/controllers/route_auth.go:38 +0xb5
net/http.HandlerFunc.ServeHTTP(0x7ff65f256d98, 0x7ff65f2b1a60, 0xc0001cc2a0, 0xc0001f8100)
	c:/go/src/net/http/server.go:2069 +0x4b
net/http.(*ServeMux).ServeHTTP(0x7ff65f474480, 0x7ff65f2b1a60, 0xc0001cc2a0, 0xc0001f8100)
	c:/go/src/net/http/server.go:2448 +0x1b7
net/http.serverHandler.ServeHTTP(0xc00015c000, 0x7ff65f2b1a60, 0xc0001cc2a0, 0xc0001f8100)
	c:/go/src/net/http/server.go:2887 +0xaa
net/http.(*conn).serve(0xc00018c1e0, 0x7ff65f2b2100, 0xc000190980)
	c:/go/src/net/http/server.go:1952 +0x8cd
created by net/http.(*Server).Serve
	c:/go/src/net/http/server.go:3013 +0x3b8
2022/03/13 22:43:38 server.go:3139: http: panic serving [::1]:64065: template: login.html:1: function "degine" not defined
goroutine 56 [running]:
net/http.(*conn).serve.func1(0xc0000b01e0)
	c:/go/src/net/http/server.go:1824 +0x153
panic(0x7ff65f1d8400, 0xc000196610)
	c:/go/src/runtime/panic.go:971 +0x49a
text/template.Must(...)
	c:/go/src/text/template/helper.go:25
todo/app/controllers.generateHTML(0x7ff65f2b1a60, 0xc0001cc380, 0x0, 0x0, 0xc0001cfaa8, 0x3, 0x3)
	C:/github.com/AEON-MALL/todo/app/controllers/server.go:17 +0x2ce
todo/app/controllers.login(0x7ff65f2b1a60, 0xc0001cc380, 0xc0001f8200)
	C:/github.com/AEON-MALL/todo/app/controllers/route_auth.go:38 +0xb5
net/http.HandlerFunc.ServeHTTP(0x7ff65f256d98, 0x7ff65f2b1a60, 0xc0001cc380, 0xc0001f8200)
	c:/go/src/net/http/server.go:2069 +0x4b
net/http.(*ServeMux).ServeHTTP(0x7ff65f474480, 0x7ff65f2b1a60, 0xc0001cc380, 0xc0001f8200)
	c:/go/src/net/http/server.go:2448 +0x1b7
net/http.serverHandler.ServeHTTP(0xc00015c000, 0x7ff65f2b1a60, 0xc0001cc380, 0xc0001f8200)
	c:/go/src/net/http/server.go:2887 +0xaa
net/http.(*conn).serve(0xc0000b01e0, 0x7ff65f2b2100, 0xc000190d00)
	c:/go/src/net/http/server.go:1952 +0x8cd
created by net/http.(*Server).Serve
	c:/go/src/net/http/server.go:3013 +0x3b8
2022/03/13 22:43:40 server.go:3139: http: panic serving [::1]:64066: template: login.html:1: function "degine" not defined
goroutine 57 [running]:
net/http.(*conn).serve.func1(0xc0000b0280)
	c:/go/src/net/http/server.go:1824 +0x153
panic(0x7ff65f1d8400, 0xc0000472a0)
	c:/go/src/runtime/panic.go:971 +0x49a
text/template.Must(...)
	c:/go/src/text/template/helper.go:25
todo/app/controllers.generateHTML(0x7ff65f2b1a60, 0xc00015c2a0, 0x0, 0x0, 0xc000067aa8, 0x3, 0x3)
	C:/github.com/AEON-MALL/todo/app/controllers/server.go:17 +0x2ce
todo/app/controllers.login(0x7ff65f2b1a60, 0xc00015c2a0, 0xc000144700)
	C:/github.com/AEON-MALL/todo/app/controllers/route_auth.go:38 +0xb5
net/http.HandlerFunc.ServeHTTP(0x7ff65f256d98, 0x7ff65f2b1a60, 0xc00015c2a0, 0xc000144700)
	c:/go/src/net/http/server.go:2069 +0x4b
net/http.(*ServeMux).ServeHTTP(0x7ff65f474480, 0x7ff65f2b1a60, 0xc00015c2a0, 0xc000144700)
	c:/go/src/net/http/server.go:2448 +0x1b7
net/http.serverHandler.ServeHTTP(0xc00015c000, 0x7ff65f2b1a60, 0xc00015c2a0, 0xc000144700)
	c:/go/src/net/http/server.go:2887 +0xaa
net/http.(*conn).serve(0xc0000b0280, 0x7ff65f2b2100, 0xc000024c00)
	c:/go/src/net/http/server.go:1952 +0x8cd
created by net/http.(*Server).Serve
	c:/go/src/net/http/server.go:3013 +0x3b8
2022/03/13 22:43:40 server.go:3139: http: panic serving [::1]:64068: template: login.html:1: function "degine" not defined
goroutine 58 [running]:
net/http.(*conn).serve.func1(0xc0000b0320)
	c:/go/src/net/http/server.go:1824 +0x153
panic(0x7ff65f1d8400, 0xc000047360)
	c:/go/src/runtime/panic.go:971 +0x49a
text/template.Must(...)
	c:/go/src/text/template/helper.go:25
todo/app/controllers.generateHTML(0x7ff65f2b1a60, 0xc0001cc460, 0x0, 0x0, 0xc0001d1aa8, 0x3, 0x3)
	C:/github.com/AEON-MALL/todo/app/controllers/server.go:17 +0x2ce
todo/app/controllers.login(0x7ff65f2b1a60, 0xc0001cc460, 0xc0000b6500)
	C:/github.com/AEON-MALL/todo/app/controllers/route_auth.go:38 +0xb5
net/http.HandlerFunc.ServeHTTP(0x7ff65f256d98, 0x7ff65f2b1a60, 0xc0001cc460, 0xc0000b6500)
	c:/go/src/net/http/server.go:2069 +0x4b
net/http.(*ServeMux).ServeHTTP(0x7ff65f474480, 0x7ff65f2b1a60, 0xc0001cc460, 0xc0000b6500)
	c:/go/src/net/http/server.go:2448 +0x1b7
net/http.serverHandler.ServeHTTP(0xc00015c000, 0x7ff65f2b1a60, 0xc0001cc460, 0xc0000b6500)
	c:/go/src/net/http/server.go:2887 +0xaa
net/http.(*conn).serve(0xc0000b0320, 0x7ff65f2b2100, 0xc0000a7080)
	c:/go/src/net/http/server.go:1952 +0x8cd
created by net/http.(*Server).Serve
	c:/go/src/net/http/server.go:3013 +0x3b8
2022/03/13 22:43:40 server.go:3139: http: panic serving [::1]:64069: template: login.html:1: function "degine" not defined
goroutine 61 [running]:
net/http.(*conn).serve.func1(0xc0000b0460)
	c:/go/src/net/http/server.go:1824 +0x153
panic(0x7ff65f1d8400, 0xc0000474c0)
	c:/go/src/runtime/panic.go:971 +0x49a
text/template.Must(...)
	c:/go/src/text/template/helper.go:25
todo/app/controllers.generateHTML(0x7ff65f2b1a60, 0xc00015c380, 0x0, 0x0, 0xc00004baa8, 0x3, 0x3)
	C:/github.com/AEON-MALL/todo/app/controllers/server.go:17 +0x2ce
todo/app/controllers.login(0x7ff65f2b1a60, 0xc00015c380, 0xc000144800)
	C:/github.com/AEON-MALL/todo/app/controllers/route_auth.go:38 +0xb5
net/http.HandlerFunc.ServeHTTP(0x7ff65f256d98, 0x7ff65f2b1a60, 0xc00015c380, 0xc000144800)
	c:/go/src/net/http/server.go:2069 +0x4b
net/http.(*ServeMux).ServeHTTP(0x7ff65f474480, 0x7ff65f2b1a60, 0xc00015c380, 0xc000144800)
	c:/go/src/net/http/server.go:2448 +0x1b7
net/http.serverHandler.ServeHTTP(0xc00015c000, 0x7ff65f2b1a60, 0xc00015c380, 0xc000144800)
	c:/go/src/net/http/server.go:2887 +0xaa
net/http.(*conn).serve(0xc0000b0460, 0x7ff65f2b2100, 0xc000025280)
	c:/go/src/net/http/server.go:1952 +0x8cd
created by net/http.(*Server).Serve
	c:/go/src/net/http/server.go:3013 +0x3b8
2022/03/13 22:43:41 server.go:3139: http: panic serving [::1]:64070: template: login.html:1: function "degine" not defined
goroutine 75 [running]:
net/http.(*conn).serve.func1(0xc00018c280)
	c:/go/src/net/http/server.go:1824 +0x153
panic(0x7ff65f1d8400, 0xc000196800)
	c:/go/src/runtime/panic.go:971 +0x49a
text/template.Must(...)
	c:/go/src/text/template/helper.go:25
todo/app/controllers.generateHTML(0x7ff65f2b1a60, 0xc0001cc540, 0x0, 0x0, 0xc0002a3aa8, 0x3, 0x3)
	C:/github.com/AEON-MALL/todo/app/controllers/server.go:17 +0x2ce
todo/app/controllers.login(0x7ff65f2b1a60, 0xc0001cc540, 0xc0001f8300)
	C:/github.com/AEON-MALL/todo/app/controllers/route_auth.go:38 +0xb5
net/http.HandlerFunc.ServeHTTP(0x7ff65f256d98, 0x7ff65f2b1a60, 0xc0001cc540, 0xc0001f8300)
	c:/go/src/net/http/server.go:2069 +0x4b
net/http.(*ServeMux).ServeHTTP(0x7ff65f474480, 0x7ff65f2b1a60, 0xc0001cc540, 0xc0001f8300)
	c:/go/src/net/http/server.go:2448 +0x1b7
net/http.serverHandler.ServeHTTP(0xc00015c000, 0x7ff65f2b1a60, 0xc0001cc540, 0xc0001f8300)
	c:/go/src/net/http/server.go:2887 +0xaa
net/http.(*conn).serve(0xc00018c280, 0x7ff65f2b2100, 0xc000191180)
	c:/go/src/net/http/server.go:1952 +0x8cd
created by net/http.(*Server).Serve
	c:/go/src/net/http/server.go:3013 +0x3b8
2022/03/13 22:43:41 server.go:3139: http: panic serving [::1]:64071: template: login.html:1: function "degine" not defined
goroutine 93 [running]:
net/http.(*conn).serve.func1(0xc0000690e0)
	c:/go/src/net/http/server.go:1824 +0x153
panic(0x7ff65f1d8400, 0xc0003940d0)
	c:/go/src/runtime/panic.go:971 +0x49a
text/template.Must(...)
	c:/go/src/text/template/helper.go:25
todo/app/controllers.generateHTML(0x7ff65f2b1a60, 0xc0001cc620, 0x0, 0x0, 0xc00004baa8, 0x3, 0x3)
	C:/github.com/AEON-MALL/todo/app/controllers/server.go:17 +0x2ce
todo/app/controllers.login(0x7ff65f2b1a60, 0xc0001cc620, 0xc000396000)
	C:/github.com/AEON-MALL/todo/app/controllers/route_auth.go:38 +0xb5
net/http.HandlerFunc.ServeHTTP(0x7ff65f256d98, 0x7ff65f2b1a60, 0xc0001cc620, 0xc000396000)
	c:/go/src/net/http/server.go:2069 +0x4b
net/http.(*ServeMux).ServeHTTP(0x7ff65f474480, 0x7ff65f2b1a60, 0xc0001cc620, 0xc000396000)
	c:/go/src/net/http/server.go:2448 +0x1b7
net/http.serverHandler.ServeHTTP(0xc00015c000, 0x7ff65f2b1a60, 0xc0001cc620, 0xc000396000)
	c:/go/src/net/http/server.go:2887 +0xaa
net/http.(*conn).serve(0xc0000690e0, 0x7ff65f2b2100, 0xc000392000)
	c:/go/src/net/http/server.go:1952 +0x8cd
created by net/http.(*Server).Serve
	c:/go/src/net/http/server.go:3013 +0x3b8
2022/03/13 22:43:41 server.go:3139: http: panic serving [::1]:64072: template: login.html:1: function "degine" not defined
goroutine 62 [running]:
net/http.(*conn).serve.func1(0xc0000b0500)
	c:/go/src/net/http/server.go:1824 +0x153
panic(0x7ff65f1d8400, 0xc0000a2910)
	c:/go/src/runtime/panic.go:971 +0x49a
text/template.Must(...)
	c:/go/src/text/template/helper.go:25
todo/app/controllers.generateHTML(0x7ff65f2b1a60, 0xc0000f0460, 0x0, 0x0, 0xc00016daa8, 0x3, 0x3)
	C:/github.com/AEON-MALL/todo/app/controllers/server.go:17 +0x2ce
todo/app/controllers.login(0x7ff65f2b1a60, 0xc0000f0460, 0xc0000b6600)
	C:/github.com/AEON-MALL/todo/app/controllers/route_auth.go:38 +0xb5
net/http.HandlerFunc.ServeHTTP(0x7ff65f256d98, 0x7ff65f2b1a60, 0xc0000f0460, 0xc0000b6600)
	c:/go/src/net/http/server.go:2069 +0x4b
net/http.(*ServeMux).ServeHTTP(0x7ff65f474480, 0x7ff65f2b1a60, 0xc0000f0460, 0xc0000b6600)
	c:/go/src/net/http/server.go:2448 +0x1b7
net/http.serverHandler.ServeHTTP(0xc00015c000, 0x7ff65f2b1a60, 0xc0000f0460, 0xc0000b6600)
	c:/go/src/net/http/server.go:2887 +0xaa
net/http.(*conn).serve(0xc0000b0500, 0x7ff65f2b2100, 0xc0000a7300)
	c:/go/src/net/http/server.go:1952 +0x8cd
created by net/http.(*Server).Serve
	c:/go/src/net/http/server.go:3013 +0x3b8
2022/03/13 22:43:46 server.go:3139: http: panic serving [::1]:64073: template: login.html:1: function "degine" not defined
goroutine 115 [running]:
net/http.(*conn).serve.func1(0xc0000b05a0)
	c:/go/src/net/http/server.go:1824 +0x153
panic(0x7ff65f1d8400, 0xc0001969c0)
	c:/go/src/runtime/panic.go:971 +0x49a
text/template.Must(...)
	c:/go/src/text/template/helper.go:25
todo/app/controllers.generateHTML(0x7ff65f2b1a60, 0xc0001cc700, 0x0, 0x0, 0xc000173aa8, 0x3, 0x3)
	C:/github.com/AEON-MALL/todo/app/controllers/server.go:17 +0x2ce
todo/app/controllers.login(0x7ff65f2b1a60, 0xc0001cc700, 0xc0000b6700)
	C:/github.com/AEON-MALL/todo/app/controllers/route_auth.go:38 +0xb5
net/http.HandlerFunc.ServeHTTP(0x7ff65f256d98, 0x7ff65f2b1a60, 0xc0001cc700, 0xc0000b6700)
	c:/go/src/net/http/server.go:2069 +0x4b
net/http.(*ServeMux).ServeHTTP(0x7ff65f474480, 0x7ff65f2b1a60, 0xc0001cc700, 0xc0000b6700)
	c:/go/src/net/http/server.go:2448 +0x1b7
net/http.serverHandler.ServeHTTP(0xc00015c000, 0x7ff65f2b1a60, 0xc0001cc700, 0xc0000b6700)
	c:/go/src/net/http/server.go:2887 +0xaa
net/http.(*conn).serve(0xc0000b05a0, 0x7ff65f2b2100, 0xc0000a76c0)
	c:/go/src/net/http/server.go:1952 +0x8cd
created by net/http.(*Server).Serve
	c:/go/src/net/http/server.go:3013 +0x3b8
2022/03/13 22:43:46 server.go:3139: http: panic serving [::1]:64074: template: login.html:1: function "degine" not defined
goroutine 116 [running]:
net/http.(*conn).serve.func1(0xc0000b0640)
	c:/go/src/net/http/server.go:1824 +0x153
panic(0x7ff65f1d8400, 0xc000394220)
	c:/go/src/runtime/panic.go:971 +0x49a
text/template.Must(...)
	c:/go/src/text/template/helper.go:25
todo/app/controllers.generateHTML(0x7ff65f2b1a60, 0xc0003ec000, 0x0, 0x0, 0xc00004daa8, 0x3, 0x3)
	C:/github.com/AEON-MALL/todo/app/controllers/server.go:17 +0x2ce
todo/app/controllers.login(0x7ff65f2b1a60, 0xc0003ec000, 0xc0000b6800)
	C:/github.com/AEON-MALL/todo/app/controllers/route_auth.go:38 +0xb5
net/http.HandlerFunc.ServeHTTP(0x7ff65f256d98, 0x7ff65f2b1a60, 0xc0003ec000, 0xc0000b6800)
	c:/go/src/net/http/server.go:2069 +0x4b
net/http.(*ServeMux).ServeHTTP(0x7ff65f474480, 0x7ff65f2b1a60, 0xc0003ec000, 0xc0000b6800)
	c:/go/src/net/http/server.go:2448 +0x1b7
net/http.serverHandler.ServeHTTP(0xc00015c000, 0x7ff65f2b1a60, 0xc0003ec000, 0xc0000b6800)
	c:/go/src/net/http/server.go:2887 +0xaa
net/http.(*conn).serve(0xc0000b0640, 0x7ff65f2b2100, 0xc0000a7740)
	c:/go/src/net/http/server.go:1952 +0x8cd
created by net/http.(*Server).Serve
	c:/go/src/net/http/server.go:3013 +0x3b8
2022/03/13 22:43:46 server.go:3139: http: panic serving [::1]:64075: template: login.html:1: function "degine" not defined
goroutine 104 [running]:
net/http.(*conn).serve.func1(0xc0003fe000)
	c:/go/src/net/http/server.go:1824 +0x153
panic(0x7ff65f1d8400, 0xc000394380)
	c:/go/src/runtime/panic.go:971 +0x49a
text/template.Must(...)
	c:/go/src/text/template/helper.go:25
todo/app/controllers.generateHTML(0x7ff65f2b1a60, 0xc0003ec0e0, 0x0, 0x0, 0xc000485aa8, 0x3, 0x3)
	C:/github.com/AEON-MALL/todo/app/controllers/server.go:17 +0x2ce
todo/app/controllers.login(0x7ff65f2b1a60, 0xc0003ec0e0, 0xc000396100)
	C:/github.com/AEON-MALL/todo/app/controllers/route_auth.go:38 +0xb5
net/http.HandlerFunc.ServeHTTP(0x7ff65f256d98, 0x7ff65f2b1a60, 0xc0003ec0e0, 0xc000396100)
	c:/go/src/net/http/server.go:2069 +0x4b
net/http.(*ServeMux).ServeHTTP(0x7ff65f474480, 0x7ff65f2b1a60, 0xc0003ec0e0, 0xc000396100)
	c:/go/src/net/http/server.go:2448 +0x1b7
net/http.serverHandler.ServeHTTP(0xc00015c000, 0x7ff65f2b1a60, 0xc0003ec0e0, 0xc000396100)
	c:/go/src/net/http/server.go:2887 +0xaa
net/http.(*conn).serve(0xc0003fe000, 0x7ff65f2b2100, 0xc000392540)
	c:/go/src/net/http/server.go:1952 +0x8cd
created by net/http.(*Server).Serve
	c:/go/src/net/http/server.go:3013 +0x3b8
2022/03/13 22:44:16 server.go:3139: http: panic serving [::1]:64078: template: login.html:1: function "degine" not defined
goroutine 109 [running]:
net/http.(*conn).serve.func1(0xc0003fe0a0)
	c:/go/src/net/http/server.go:1824 +0x153
panic(0x7ff65f1d8400, 0xc000196b10)
	c:/go/src/runtime/panic.go:971 +0x49a
text/template.Must(...)
	c:/go/src/text/template/helper.go:25
todo/app/controllers.generateHTML(0x7ff65f2b1a60, 0xc0001cc7e0, 0x0, 0x0, 0xc00016faa8, 0x3, 0x3)
	C:/github.com/AEON-MALL/todo/app/controllers/server.go:17 +0x2ce
todo/app/controllers.login(0x7ff65f2b1a60, 0xc0001cc7e0, 0xc0000b6900)
	C:/github.com/AEON-MALL/todo/app/controllers/route_auth.go:38 +0xb5
net/http.HandlerFunc.ServeHTTP(0x7ff65f256d98, 0x7ff65f2b1a60, 0xc0001cc7e0, 0xc0000b6900)
	c:/go/src/net/http/server.go:2069 +0x4b
net/http.(*ServeMux).ServeHTTP(0x7ff65f474480, 0x7ff65f2b1a60, 0xc0001cc7e0, 0xc0000b6900)
	c:/go/src/net/http/server.go:2448 +0x1b7
net/http.serverHandler.ServeHTTP(0xc00015c000, 0x7ff65f2b1a60, 0xc0001cc7e0, 0xc0000b6900)
	c:/go/src/net/http/server.go:2887 +0xaa
net/http.(*conn).serve(0xc0003fe0a0, 0x7ff65f2b2100, 0xc0000a7800)
	c:/go/src/net/http/server.go:1952 +0x8cd
created by net/http.(*Server).Serve
	c:/go/src/net/http/server.go:3013 +0x3b8
2022/03/13 22:44:16 server.go:3139: http: panic serving [::1]:64079: template: login.html:1: function "degine" not defined
goroutine 110 [running]:
net/http.(*conn).serve.func1(0xc0003fe140)
	c:/go/src/net/http/server.go:1824 +0x153
panic(0x7ff65f1d8400, 0xc0000a2a00)
	c:/go/src/runtime/panic.go:971 +0x49a
text/template.Must(...)
	c:/go/src/text/template/helper.go:25
todo/app/controllers.generateHTML(0x7ff65f2b1a60, 0xc0003ec1c0, 0x0, 0x0, 0xc000485aa8, 0x3, 0x3)
	C:/github.com/AEON-MALL/todo/app/controllers/server.go:17 +0x2ce
todo/app/controllers.login(0x7ff65f2b1a60, 0xc0003ec1c0, 0xc000396200)
	C:/github.com/AEON-MALL/todo/app/controllers/route_auth.go:38 +0xb5
net/http.HandlerFunc.ServeHTTP(0x7ff65f256d98, 0x7ff65f2b1a60, 0xc0003ec1c0, 0xc000396200)
	c:/go/src/net/http/server.go:2069 +0x4b
net/http.(*ServeMux).ServeHTTP(0x7ff65f474480, 0x7ff65f2b1a60, 0xc0003ec1c0, 0xc000396200)
	c:/go/src/net/http/server.go:2448 +0x1b7
net/http.serverHandler.ServeHTTP(0xc00015c000, 0x7ff65f2b1a60, 0xc0003ec1c0, 0xc000396200)
	c:/go/src/net/http/server.go:2887 +0xaa
net/http.(*conn).serve(0xc0003fe140, 0x7ff65f2b2100, 0xc0003928c0)
	c:/go/src/net/http/server.go:1952 +0x8cd
created by net/http.(*Server).Serve
	c:/go/src/net/http/server.go:3013 +0x3b8
2022/03/13 22:44:16 server.go:3139: http: panic serving [::1]:64080: template: login.html:1: function "degine" not defined
goroutine 113 [running]:
net/http.(*conn).serve.func1(0xc0003fe1e0)
	c:/go/src/net/http/server.go:1824 +0x153
panic(0x7ff65f1d8400, 0xc000394500)
	c:/go/src/runtime/panic.go:971 +0x49a
text/template.Must(...)
	c:/go/src/text/template/helper.go:25
todo/app/controllers.generateHTML(0x7ff65f2b1a60, 0xc0000f0540, 0x0, 0x0, 0xc000485aa8, 0x3, 0x3)
	C:/github.com/AEON-MALL/todo/app/controllers/server.go:17 +0x2ce
todo/app/controllers.login(0x7ff65f2b1a60, 0xc0000f0540, 0xc0000b6a00)
	C:/github.com/AEON-MALL/todo/app/controllers/route_auth.go:38 +0xb5
net/http.HandlerFunc.ServeHTTP(0x7ff65f256d98, 0x7ff65f2b1a60, 0xc0000f0540, 0xc0000b6a00)
	c:/go/src/net/http/server.go:2069 +0x4b
net/http.(*ServeMux).ServeHTTP(0x7ff65f474480, 0x7ff65f2b1a60, 0xc0000f0540, 0xc0000b6a00)
	c:/go/src/net/http/server.go:2448 +0x1b7
net/http.serverHandler.ServeHTTP(0xc00015c000, 0x7ff65f2b1a60, 0xc0000f0540, 0xc0000b6a00)
	c:/go/src/net/http/server.go:2887 +0xaa
net/http.(*conn).serve(0xc0003fe1e0, 0x7ff65f2b2100, 0xc0000a79c0)
	c:/go/src/net/http/server.go:1952 +0x8cd
created by net/http.(*Server).Serve
	c:/go/src/net/http/server.go:3013 +0x3b8
2022/03/13 22:46:25 logging.go:18: test
2022/03/13 22:56:44 logging.go:18: test
2022/03/13 23:08:49 logging.go:18: test
2022/03/13 23:15:05 logging.go:18: test
2022/03/13 23:16:32 logging.go:18: test
2022/03/17 23:21:54 logging.go:18: test
2022/03/17 23:30:58 logging.go:18: test
2022/03/17 23:44:09 logging.go:18: test
2022/03/17 23:56:10 logging.go:18: test
2022/03/18 00:04:55 logging.go:18: test
2022/03/18 00:06:27 logging.go:18: test
2022/03/18 22:47:14 logging.go:18: test
2022/03/18 23:19:22 logging.go:18: test
2022/03/18 23:24:07 logging.go:18: test
